2017-09-12 00:15:40.375 [main] INFO  com.estore.EStoreApplication - Starting EStoreApplication on 01A669301435337 with PID 6560 (C:\Workspace\EStore\bin started by 01435337 in C:\Workspace\EStore)
2017-09-12 00:15:40.383 [main] INFO  com.estore.EStoreApplication - No active profile set, falling back to default profiles: default
2017-09-12 00:15:40.480 [main] INFO  org.springframework.boot.context.embedded.AnnotationConfigEmbeddedWebApplicationContext - Refreshing org.springframework.boot.context.embedded.AnnotationConfigEmbeddedWebApplicationContext@4fbda97b: startup date [Tue Sep 12 00:15:40 CST 2017]; root of context hierarchy
2017-09-12 00:15:40.785 [background-preinit] INFO  org.hibernate.validator.internal.util.Version - HV000001: Hibernate Validator 5.3.5.Final
2017-09-12 00:15:44.805 [main] INFO  org.springframework.boot.context.embedded.tomcat.TomcatEmbeddedServletContainer - Tomcat initialized with port(s): 8080 (http)
2017-09-12 00:15:45.549 [localhost-startStop-1] INFO  org.springframework.web.context.ContextLoader - Root WebApplicationContext: initialization completed in 5073 ms
2017-09-12 00:15:46.455 [localhost-startStop-1] INFO  org.springframework.boot.web.servlet.FilterRegistrationBean - Mapping filter: 'characterEncodingFilter' to: [/*]
2017-09-12 00:15:46.455 [localhost-startStop-1] INFO  org.springframework.boot.web.servlet.FilterRegistrationBean - Mapping filter: 'hiddenHttpMethodFilter' to: [/*]
2017-09-12 00:15:46.455 [localhost-startStop-1] INFO  org.springframework.boot.web.servlet.FilterRegistrationBean - Mapping filter: 'httpPutFormContentFilter' to: [/*]
2017-09-12 00:15:46.456 [localhost-startStop-1] INFO  org.springframework.boot.web.servlet.FilterRegistrationBean - Mapping filter: 'requestContextFilter' to: [/*]
2017-09-12 00:15:46.456 [localhost-startStop-1] INFO  org.springframework.boot.web.servlet.FilterRegistrationBean - Mapping filter: 'mobileAppAuthRequestFilter' to urls: [/app/*]
2017-09-12 00:15:46.456 [localhost-startStop-1] INFO  org.springframework.boot.web.servlet.FilterRegistrationBean - Filter characterEncodingFilter was not registered (possibly already registered?)
2017-09-12 00:15:46.457 [localhost-startStop-1] INFO  org.springframework.boot.web.servlet.ServletRegistrationBean - Mapping servlet: 'dispatcherServlet' to [/]
2017-09-12 00:15:48.110 [main] INFO  org.springframework.cache.ehcache.EhCacheManagerFactoryBean - Initializing EhCache CacheManager
2017-09-12 00:15:49.167 [main] INFO  org.springframework.web.servlet.mvc.method.annotation.RequestMappingHandlerAdapter - Looking for @ControllerAdvice: org.springframework.boot.context.embedded.AnnotationConfigEmbeddedWebApplicationContext@4fbda97b: startup date [Tue Sep 12 00:15:40 CST 2017]; root of context hierarchy
2017-09-12 00:15:49.388 [main] INFO  org.springframework.web.servlet.mvc.method.annotation.RequestMappingHandlerMapping - Mapped "{[/download/image/{filename:.+}],methods=[GET],produces=[image/*]}" onto public org.springframework.core.io.Resource com.estore.common.controller.DownloadController.downloadImage(java.lang.String,javax.servlet.http.HttpServletRequest)
2017-09-12 00:15:49.392 [main] INFO  org.springframework.web.servlet.mvc.method.annotation.RequestMappingHandlerMapping - Mapped "{[/download/video/{filename:.+}],methods=[GET],produces=[video/*]}" onto public org.springframework.core.io.support.ResourceRegion com.estore.common.controller.DownloadController.downloadVideo(java.lang.String,javax.servlet.http.HttpServletRequest)
2017-09-12 00:15:49.394 [main] INFO  org.springframework.web.servlet.mvc.method.annotation.RequestMappingHandlerMapping - Mapped "{[/upload/image],methods=[POST]}" onto public com.estore.base.ResponseResult com.estore.common.controller.UploadController.uploadImage(org.springframework.web.multipart.MultipartHttpServletRequest)
2017-09-12 00:15:49.395 [main] INFO  org.springframework.web.servlet.mvc.method.annotation.RequestMappingHandlerMapping - Mapped "{[/upload/video],methods=[POST]}" onto public com.estore.base.ResponseResult com.estore.common.controller.UploadController.uploadVideo(org.springframework.web.multipart.MultipartHttpServletRequest)
2017-09-12 00:15:49.409 [main] INFO  org.springframework.web.servlet.mvc.method.annotation.RequestMappingHandlerMapping - Mapped "{[/microclass/remove]}" onto public com.estore.base.ResponseResult com.estore.microclass.controller.MicroClassController.remove(int[])
2017-09-12 00:15:49.409 [main] INFO  org.springframework.web.servlet.mvc.method.annotation.RequestMappingHandlerMapping - Mapped "{[/microclass/save]}" onto public com.estore.base.ResponseResult com.estore.microclass.controller.MicroClassController.save(com.estore.microclass.entity.MicroClass,org.springframework.validation.BindingResult)
2017-09-12 00:15:49.411 [main] INFO  org.springframework.web.servlet.mvc.method.annotation.RequestMappingHandlerMapping - Mapped "{[/microclass/search]}" onto public com.estore.base.ResponseResult com.estore.microclass.controller.MicroClassController.search(java.lang.String)
2017-09-12 00:15:49.412 [main] INFO  org.springframework.web.servlet.mvc.method.annotation.RequestMappingHandlerMapping - Mapped "{[/microclass/modify]}" onto public com.estore.base.ResponseResult com.estore.microclass.controller.MicroClassController.modify(com.estore.microclass.entity.MicroClass,org.springframework.validation.BindingResult)
2017-09-12 00:15:49.412 [main] INFO  org.springframework.web.servlet.mvc.method.annotation.RequestMappingHandlerMapping - Mapped "{[/microclass/getDetail]}" onto public com.estore.base.ResponseResult com.estore.microclass.controller.MicroClassController.getDetail(int)
2017-09-12 00:15:49.412 [main] INFO  org.springframework.web.servlet.mvc.method.annotation.RequestMappingHandlerMapping - Mapped "{[/microclass/edit]}" onto public com.estore.microclass.entity.MicroClass com.estore.microclass.controller.MicroClassController.getDetail()
2017-09-12 00:15:49.413 [main] INFO  org.springframework.web.servlet.mvc.method.annotation.RequestMappingHandlerMapping - Mapped "{[/microclass/app/search]}" onto public com.estore.base.ResponseResult com.estore.microclass.controller.MicroClassController.searchForApp()
2017-09-12 00:15:49.433 [main] INFO  org.springframework.web.servlet.mvc.method.annotation.RequestMappingHandlerMapping - Mapped "{[/microclassvideo/remove]}" onto public com.estore.base.ResponseResult com.estore.microclass.controller.MicroClassVideoController.remove(int[])
2017-09-12 00:15:49.434 [main] INFO  org.springframework.web.servlet.mvc.method.annotation.RequestMappingHandlerMapping - Mapped "{[/microclassvideo/save]}" onto public com.estore.base.ResponseResult com.estore.microclass.controller.MicroClassVideoController.save(com.estore.microclass.entity.MicroClassVideo,org.springframework.validation.BindingResult)
2017-09-12 00:15:49.434 [main] INFO  org.springframework.web.servlet.mvc.method.annotation.RequestMappingHandlerMapping - Mapped "{[/microclassvideo/search]}" onto public com.estore.base.ResponseResult com.estore.microclass.controller.MicroClassVideoController.search(java.lang.String)
2017-09-12 00:15:49.435 [main] INFO  org.springframework.web.servlet.mvc.method.annotation.RequestMappingHandlerMapping - Mapped "{[/microclassvideo/modify]}" onto public com.estore.base.ResponseResult com.estore.microclass.controller.MicroClassVideoController.modify(com.estore.microclass.entity.MicroClassVideo,org.springframework.validation.BindingResult)
2017-09-12 00:15:49.435 [main] INFO  org.springframework.web.servlet.mvc.method.annotation.RequestMappingHandlerMapping - Mapped "{[/microclassvideo/searchByMicroClassId]}" onto public com.estore.base.ResponseResult com.estore.microclass.controller.MicroClassVideoController.searchByMicroClassId(int)
2017-09-12 00:15:49.435 [main] INFO  org.springframework.web.servlet.mvc.method.annotation.RequestMappingHandlerMapping - Mapped "{[/microclassvideo/getDetail]}" onto public com.estore.base.ResponseResult com.estore.microclass.controller.MicroClassVideoController.getDetail(int)
2017-09-12 00:15:49.442 [main] INFO  org.springframework.web.servlet.mvc.method.annotation.RequestMappingHandlerMapping - Mapped "{[/majorcategory/remove]}" onto public com.estore.base.ResponseResult com.estore.product.controller.MajorCategoryController.remove(int[])
2017-09-12 00:15:49.442 [main] INFO  org.springframework.web.servlet.mvc.method.annotation.RequestMappingHandlerMapping - Mapped "{[/majorcategory/save]}" onto public com.estore.base.ResponseResult com.estore.product.controller.MajorCategoryController.save(com.estore.product.entity.MajorCategory,org.springframework.validation.BindingResult)
2017-09-12 00:15:49.443 [main] INFO  org.springframework.web.servlet.mvc.method.annotation.RequestMappingHandlerMapping - Mapped "{[/majorcategory/search]}" onto public com.estore.base.ResponseResult com.estore.product.controller.MajorCategoryController.search(java.lang.String)
2017-09-12 00:15:49.443 [main] INFO  org.springframework.web.servlet.mvc.method.annotation.RequestMappingHandlerMapping - Mapped "{[/majorcategory/modify]}" onto public com.estore.base.ResponseResult com.estore.product.controller.MajorCategoryController.modify(com.estore.product.entity.MajorCategory)
2017-09-12 00:15:49.444 [main] INFO  org.springframework.web.servlet.mvc.method.annotation.RequestMappingHandlerMapping - Mapped "{[/majorcategory/getdetail]}" onto public com.estore.base.ResponseResult com.estore.product.controller.MajorCategoryController.getDetail(int)
2017-09-12 00:15:49.448 [main] INFO  org.springframework.web.servlet.mvc.method.annotation.RequestMappingHandlerMapping - Mapped "{[/minorcategory/remove]}" onto public com.estore.base.ResponseResult com.estore.product.controller.MinorCategoryController.remove(int[])
2017-09-12 00:15:49.449 [main] INFO  org.springframework.web.servlet.mvc.method.annotation.RequestMappingHandlerMapping - Mapped "{[/minorcategory/save]}" onto public com.estore.base.ResponseResult com.estore.product.controller.MinorCategoryController.save(com.estore.product.entity.MinorCategory,org.springframework.validation.BindingResult)
2017-09-12 00:15:49.449 [main] INFO  org.springframework.web.servlet.mvc.method.annotation.RequestMappingHandlerMapping - Mapped "{[/minorcategory/search]}" onto public com.estore.base.ResponseResult com.estore.product.controller.MinorCategoryController.search(java.lang.String)
2017-09-12 00:15:49.449 [main] INFO  org.springframework.web.servlet.mvc.method.annotation.RequestMappingHandlerMapping - Mapped "{[/minorcategory/modify]}" onto public com.estore.base.ResponseResult com.estore.product.controller.MinorCategoryController.modify(com.estore.product.entity.MinorCategory,org.springframework.validation.BindingResult)
2017-09-12 00:15:49.450 [main] INFO  org.springframework.web.servlet.mvc.method.annotation.RequestMappingHandlerMapping - Mapped "{[/minorcategory/getdetail]}" onto public com.estore.base.ResponseResult com.estore.product.controller.MinorCategoryController.getDetail(int)
2017-09-12 00:15:49.453 [main] INFO  org.springframework.web.servlet.mvc.method.annotation.RequestMappingHandlerMapping - Mapped "{[/product/remove],methods=[POST]}" onto public com.estore.base.ResponseResult com.estore.product.controller.ProductController.remove(int)
2017-09-12 00:15:49.453 [main] INFO  org.springframework.web.servlet.mvc.method.annotation.RequestMappingHandlerMapping - Mapped "{[/product/save]}" onto public com.estore.base.ResponseResult com.estore.product.controller.ProductController.save(com.estore.product.entity.Product,org.springframework.validation.BindingResult)
2017-09-12 00:15:49.453 [main] INFO  org.springframework.web.servlet.mvc.method.annotation.RequestMappingHandlerMapping - Mapped "{[/product/search],methods=[GET]}" onto public com.estore.base.ResponseResult com.estore.product.controller.ProductController.search(com.estore.product.dto.ProductSearchDto)
2017-09-12 00:15:49.454 [main] INFO  org.springframework.web.servlet.mvc.method.annotation.RequestMappingHandlerMapping - Mapped "{[/product/getDetail]}" onto public com.estore.base.ResponseResult com.estore.product.controller.ProductController.getDetail(int)
2017-09-12 00:15:49.455 [main] INFO  org.springframework.web.servlet.mvc.method.annotation.RequestMappingHandlerMapping - Mapped "{[/product/app/search],methods=[GET]}" onto public com.estore.base.ResponseResult com.estore.product.controller.ProductController.searchForApp(com.estore.product.dto.ProductSearchDto)
2017-09-12 00:15:49.456 [main] INFO  org.springframework.web.servlet.mvc.method.annotation.RequestMappingHandlerMapping - Mapped "{[/app/login],methods=[GET]}" onto public com.estore.base.ResponseResult com.estore.user.controller.AuthController.login(java.lang.String,java.lang.String)
2017-09-12 00:15:49.458 [main] INFO  org.springframework.web.servlet.mvc.method.annotation.RequestMappingHandlerMapping - Mapped "{[/user/remove]}" onto public com.estore.base.ResponseResult com.estore.user.controller.UserController.remove(int[])
2017-09-12 00:15:49.462 [main] INFO  org.springframework.web.servlet.mvc.method.annotation.RequestMappingHandlerMapping - Mapped "{[/user/save]}" onto public com.estore.base.ResponseResult com.estore.user.controller.UserController.save(com.estore.user.entity.User,org.springframework.validation.BindingResult)
2017-09-12 00:15:49.462 [main] INFO  org.springframework.web.servlet.mvc.method.annotation.RequestMappingHandlerMapping - Mapped "{[/user/search]}" onto public com.estore.base.ResponseResult com.estore.user.controller.UserController.search(com.estore.user.entity.User,org.springframework.validation.BindingResult)
2017-09-12 00:15:49.463 [main] INFO  org.springframework.web.servlet.mvc.method.annotation.RequestMappingHandlerMapping - Mapped "{[/user/modify]}" onto public com.estore.base.ResponseResult com.estore.user.controller.UserController.modify(com.estore.user.entity.User,org.springframework.validation.BindingResult)
2017-09-12 00:15:49.465 [main] INFO  org.springframework.web.servlet.mvc.method.annotation.RequestMappingHandlerMapping - Mapped "{[/user/findByPhoneNumber]}" onto public com.estore.base.ResponseResult com.estore.user.controller.UserController.findByPhoneNumber(java.lang.String)
2017-09-12 00:15:49.466 [main] INFO  org.springframework.web.servlet.mvc.method.annotation.RequestMappingHandlerMapping - Mapped "{[/user/modifyPassword]}" onto public com.estore.base.ResponseResult com.estore.user.controller.UserController.modifyPassword(com.estore.user.dto.UserPasswordDto,org.springframework.validation.BindingResult)
2017-09-12 00:15:49.468 [main] INFO  org.springframework.web.servlet.mvc.method.annotation.RequestMappingHandlerMapping - Mapped "{[/error]}" onto public org.springframework.http.ResponseEntity<java.util.Map<java.lang.String, java.lang.Object>> org.springframework.boot.autoconfigure.web.BasicErrorController.error(javax.servlet.http.HttpServletRequest)
2017-09-12 00:15:49.469 [main] INFO  org.springframework.web.servlet.mvc.method.annotation.RequestMappingHandlerMapping - Mapped "{[/error],produces=[text/html]}" onto public org.springframework.web.servlet.ModelAndView org.springframework.boot.autoconfigure.web.BasicErrorController.errorHtml(javax.servlet.http.HttpServletRequest,javax.servlet.http.HttpServletResponse)
2017-09-12 00:15:49.552 [main] INFO  org.springframework.web.servlet.handler.SimpleUrlHandlerMapping - Mapped URL path [/webjars/**] onto handler of type [class org.springframework.web.servlet.resource.ResourceHttpRequestHandler]
2017-09-12 00:15:49.553 [main] INFO  org.springframework.web.servlet.handler.SimpleUrlHandlerMapping - Mapped URL path [/**] onto handler of type [class org.springframework.web.servlet.resource.ResourceHttpRequestHandler]
2017-09-12 00:15:49.658 [main] INFO  org.springframework.web.servlet.handler.SimpleUrlHandlerMapping - Mapped URL path [/**/favicon.ico] onto handler of type [class org.springframework.web.servlet.resource.ResourceHttpRequestHandler]
2017-09-12 00:15:49.802 [main] INFO  org.springframework.boot.autoconfigure.web.WebMvcAutoConfiguration$WelcomePageHandlerMapping - Adding welcome page: class path resource [static/index.html]
2017-09-12 00:15:50.725 [main] INFO  org.springframework.jmx.export.annotation.AnnotationMBeanExporter - Registering beans for JMX exposure on startup
2017-09-12 00:15:50.727 [main] INFO  org.springframework.jmx.export.annotation.AnnotationMBeanExporter - Bean with name 'dataSource' has been autodetected for JMX exposure
2017-09-12 00:15:50.744 [main] INFO  org.springframework.jmx.export.annotation.AnnotationMBeanExporter - Located MBean 'dataSource': registering with JMX server as MBean [com.alibaba.druid.pool:name=dataSource,type=DruidDataSource]
2017-09-12 00:15:50.992 [main] INFO  org.springframework.boot.context.embedded.tomcat.TomcatEmbeddedServletContainer - Tomcat started on port(s): 8080 (http)
2017-09-12 00:15:51.168 [main] INFO  com.estore.EStoreApplication - Started EStoreApplication in 11.511 seconds (JVM running for 13.87)
2017-09-12 00:16:15.945 [http-nio-8080-exec-1] INFO  org.springframework.web.servlet.DispatcherServlet - FrameworkServlet 'dispatcherServlet': initialization started
2017-09-12 00:16:16.213 [http-nio-8080-exec-1] INFO  org.springframework.web.servlet.DispatcherServlet - FrameworkServlet 'dispatcherServlet': initialization completed in 266 ms
2017-09-12 00:16:16.550 [http-nio-8080-exec-1] INFO  com.alibaba.druid.pool.DruidDataSource - {dataSource-1} inited
2017-09-12 00:16:16.926 [http-nio-8080-exec-1] DEBUG com.estore.user.mapper.UserMapper.countByPhoneNumberAndPassword - ==>  Preparing: SELECT COUNT(1) FROM t_user WHERE phone_number = ? AND password = ? 
2017-09-12 00:16:17.159 [http-nio-8080-exec-1] DEBUG com.estore.user.mapper.UserMapper.countByPhoneNumberAndPassword - ==> Parameters: 3566(String), tyy(String)
2017-09-12 00:16:17.186 [http-nio-8080-exec-1] DEBUG com.estore.user.mapper.UserMapper.countByPhoneNumberAndPassword - <==      Total: 1
2017-09-12 00:16:22.064 [http-nio-8080-exec-2] DEBUG com.estore.user.mapper.UserMapper.countByPhoneNumberAndPassword - ==>  Preparing: SELECT COUNT(1) FROM t_user WHERE phone_number = ? AND password = ? 
2017-09-12 00:16:22.064 [http-nio-8080-exec-2] DEBUG com.estore.user.mapper.UserMapper.countByPhoneNumberAndPassword - ==> Parameters: 3566(String), tyy(String)
2017-09-12 00:16:22.065 [http-nio-8080-exec-2] DEBUG com.estore.user.mapper.UserMapper.countByPhoneNumberAndPassword - <==      Total: 1
2017-09-12 00:16:46.919 [http-nio-8080-exec-6] DEBUG com.estore.user.mapper.UserMapper.countByPhoneNumberAndPassword - ==>  Preparing: SELECT COUNT(1) FROM t_user WHERE phone_number = ? AND password = ? 
2017-09-12 00:16:46.921 [http-nio-8080-exec-6] DEBUG com.estore.user.mapper.UserMapper.countByPhoneNumberAndPassword - ==> Parameters: 18562737345(String), 123(String)
2017-09-12 00:16:46.923 [http-nio-8080-exec-6] DEBUG com.estore.user.mapper.UserMapper.countByPhoneNumberAndPassword - <==      Total: 1
2017-09-12 00:16:47.110 [http-nio-8080-exec-10] DEBUG com.estore.product.mapper.ProductMapper.selectAllForApp - ==>  Preparing: SELECT A.id, A.code, A.major_category_id, A.minor_category_id, C.name AS major_category_name, D.name AS minor_category_name, A.name, A.description, A.ex_factory_price, A.favorable_price, A.primary_price, A.phone_number, A.wechat_number, A.color, A.category, A.style, A.theme, A.price_range_from, A.price_range_to, A.cricle_ration, A.version, B.new_name, E.name AS video_name FROM t_product A LEFT JOIN t_product_image B ON A.id = B.product_id AND B.display_order = 1 LEFT JOIN t_product_video E ON A.id = E.product_id LEFT JOIN t_major_category C ON A.major_category_id = C.id LEFT JOIN t_minor_category D ON A.minor_category_id = D.id WHERE A.created_time >= (NOW()-INTERVAL'5 day') ORDER BY A.created_time DESC LIMIT ? OFFSET ? 
2017-09-12 00:16:47.142 [http-nio-8080-exec-10] DEBUG com.estore.product.mapper.ProductMapper.selectAllForApp - ==> Parameters: 24(Integer), 0(Integer)
2017-09-12 00:16:47.157 [http-nio-8080-exec-10] DEBUG com.estore.product.mapper.ProductMapper.selectAllForApp - <==      Total: 0
2017-09-12 00:16:50.103 [http-nio-8080-exec-4] DEBUG com.estore.product.mapper.ProductMapper.selectAllForApp - ==>  Preparing: SELECT A.id, A.code, A.major_category_id, A.minor_category_id, C.name AS major_category_name, D.name AS minor_category_name, A.name, A.description, A.ex_factory_price, A.favorable_price, A.primary_price, A.phone_number, A.wechat_number, A.color, A.category, A.style, A.theme, A.price_range_from, A.price_range_to, A.cricle_ration, A.version, B.new_name, E.name AS video_name FROM t_product A LEFT JOIN t_product_image B ON A.id = B.product_id AND B.display_order = 1 LEFT JOIN t_product_video E ON A.id = E.product_id LEFT JOIN t_major_category C ON A.major_category_id = C.id LEFT JOIN t_minor_category D ON A.minor_category_id = D.id WHERE A.created_time >= (NOW()-INTERVAL'5 day') ORDER BY A.created_time DESC LIMIT ? OFFSET ? 
2017-09-12 00:16:50.111 [http-nio-8080-exec-4] DEBUG com.estore.product.mapper.ProductMapper.selectAllForApp - ==> Parameters: 24(Integer), 0(Integer)
2017-09-12 00:16:50.118 [http-nio-8080-exec-4] DEBUG com.estore.product.mapper.ProductMapper.selectAllForApp - <==      Total: 0
2017-09-12 00:16:51.916 [http-nio-8080-exec-7] DEBUG com.estore.product.mapper.ProductMapper.selectAllForApp - ==>  Preparing: SELECT A.id, A.code, A.major_category_id, A.minor_category_id, C.name AS major_category_name, D.name AS minor_category_name, A.name, A.description, A.ex_factory_price, A.favorable_price, A.primary_price, A.phone_number, A.wechat_number, A.color, A.category, A.style, A.theme, A.price_range_from, A.price_range_to, A.cricle_ration, A.version, B.new_name, E.name AS video_name FROM t_product A LEFT JOIN t_product_image B ON A.id = B.product_id AND B.display_order = 1 LEFT JOIN t_product_video E ON A.id = E.product_id LEFT JOIN t_major_category C ON A.major_category_id = C.id LEFT JOIN t_minor_category D ON A.minor_category_id = D.id WHERE A.created_time >= (NOW()-INTERVAL'5 day') ORDER BY A.created_time DESC LIMIT ? OFFSET ? 
2017-09-12 00:16:51.918 [http-nio-8080-exec-7] DEBUG com.estore.product.mapper.ProductMapper.selectAllForApp - ==> Parameters: 24(Integer), 0(Integer)
2017-09-12 00:16:51.930 [http-nio-8080-exec-7] DEBUG com.estore.product.mapper.ProductMapper.selectAllForApp - <==      Total: 0
2017-09-12 00:16:53.719 [http-nio-8080-exec-3] DEBUG com.estore.product.mapper.ProductMapper.selectAllForApp - ==>  Preparing: SELECT A.id, A.code, A.major_category_id, A.minor_category_id, C.name AS major_category_name, D.name AS minor_category_name, A.name, A.description, A.ex_factory_price, A.favorable_price, A.primary_price, A.phone_number, A.wechat_number, A.color, A.category, A.style, A.theme, A.price_range_from, A.price_range_to, A.cricle_ration, A.version, B.new_name, E.name AS video_name FROM t_product A LEFT JOIN t_product_image B ON A.id = B.product_id AND B.display_order = 1 LEFT JOIN t_product_video E ON A.id = E.product_id LEFT JOIN t_major_category C ON A.major_category_id = C.id LEFT JOIN t_minor_category D ON A.minor_category_id = D.id WHERE A.major_category_id = ? ORDER BY A.created_time DESC LIMIT ? OFFSET ? 
2017-09-12 00:16:53.735 [http-nio-8080-exec-3] DEBUG com.estore.product.mapper.ProductMapper.selectAllForApp - ==> Parameters: 2(Integer), 24(Integer), 0(Integer)
2017-09-12 00:16:53.754 [http-nio-8080-exec-3] DEBUG com.estore.product.mapper.ProductMapper.selectAllForApp - <==      Total: 1
2017-09-12 00:16:53.756 [http-nio-8080-exec-3] DEBUG com.estore.product.mapper.ProductImageMapper.selectImageNamesByProductId - ==>  Preparing: SELECT new_name FROM t_product_image WHERE product_id = ? 
2017-09-12 00:16:53.757 [http-nio-8080-exec-3] DEBUG com.estore.product.mapper.ProductImageMapper.selectImageNamesByProductId - ==> Parameters: 28(Integer)
2017-09-12 00:16:53.791 [http-nio-8080-exec-3] DEBUG com.estore.product.mapper.ProductImageMapper.selectImageNamesByProductId - <==      Total: 3
2017-09-12 00:16:56.590 [http-nio-8080-exec-9] DEBUG com.estore.microclass.mapper.MicroClassMapper.selectAll - ==>  Preparing: SELECT id, title, description, version FROM t_microclass 
2017-09-12 00:16:56.591 [http-nio-8080-exec-9] DEBUG com.estore.microclass.mapper.MicroClassMapper.selectAll - ==> Parameters: 
2017-09-12 00:16:56.658 [http-nio-8080-exec-9] DEBUG com.estore.microclass.mapper.MicroClassMapper.selectAll - <==      Total: 0
2017-09-12 00:17:00.321 [http-nio-8080-exec-5] DEBUG com.estore.user.mapper.UserMapper.countByPhoneNumberAndPassword - ==>  Preparing: SELECT COUNT(1) FROM t_user WHERE phone_number = ? AND password = ? 
2017-09-12 00:17:00.321 [http-nio-8080-exec-5] DEBUG com.estore.user.mapper.UserMapper.countByPhoneNumberAndPassword - ==> Parameters: 18562737345(String), 123(String)
2017-09-12 00:17:00.324 [http-nio-8080-exec-5] DEBUG com.estore.user.mapper.UserMapper.countByPhoneNumberAndPassword - <==      Total: 1
2017-09-12 00:17:00.408 [http-nio-8080-exec-1] DEBUG com.estore.product.mapper.ProductMapper.selectAllForApp - ==>  Preparing: SELECT A.id, A.code, A.major_category_id, A.minor_category_id, C.name AS major_category_name, D.name AS minor_category_name, A.name, A.description, A.ex_factory_price, A.favorable_price, A.primary_price, A.phone_number, A.wechat_number, A.color, A.category, A.style, A.theme, A.price_range_from, A.price_range_to, A.cricle_ration, A.version, B.new_name, E.name AS video_name FROM t_product A LEFT JOIN t_product_image B ON A.id = B.product_id AND B.display_order = 1 LEFT JOIN t_product_video E ON A.id = E.product_id LEFT JOIN t_major_category C ON A.major_category_id = C.id LEFT JOIN t_minor_category D ON A.minor_category_id = D.id WHERE A.created_time >= (NOW()-INTERVAL'5 day') ORDER BY A.created_time DESC LIMIT ? OFFSET ? 
2017-09-12 00:17:00.409 [http-nio-8080-exec-1] DEBUG com.estore.product.mapper.ProductMapper.selectAllForApp - ==> Parameters: 24(Integer), 0(Integer)
2017-09-12 00:17:00.412 [http-nio-8080-exec-1] DEBUG com.estore.product.mapper.ProductMapper.selectAllForApp - <==      Total: 0
2017-09-12 00:17:09.523 [http-nio-8080-exec-6] DEBUG com.estore.product.mapper.ProductMapper.selectAllForApp - ==>  Preparing: SELECT A.id, A.code, A.major_category_id, A.minor_category_id, C.name AS major_category_name, D.name AS minor_category_name, A.name, A.description, A.ex_factory_price, A.favorable_price, A.primary_price, A.phone_number, A.wechat_number, A.color, A.category, A.style, A.theme, A.price_range_from, A.price_range_to, A.cricle_ration, A.version, B.new_name, E.name AS video_name FROM t_product A LEFT JOIN t_product_image B ON A.id = B.product_id AND B.display_order = 1 LEFT JOIN t_product_video E ON A.id = E.product_id LEFT JOIN t_major_category C ON A.major_category_id = C.id LEFT JOIN t_minor_category D ON A.minor_category_id = D.id WHERE A.created_time >= (NOW()-INTERVAL'5 day') ORDER BY A.created_time DESC LIMIT ? OFFSET ? 
2017-09-12 00:17:09.526 [http-nio-8080-exec-6] DEBUG com.estore.product.mapper.ProductMapper.selectAllForApp - ==> Parameters: 24(Integer), 0(Integer)
2017-09-12 00:17:09.531 [http-nio-8080-exec-6] DEBUG com.estore.product.mapper.ProductMapper.selectAllForApp - <==      Total: 0
2017-09-12 00:20:51.695 [http-nio-8080-exec-4] DEBUG com.estore.user.mapper.UserMapper.countByPhoneNumberAndPassword - ==>  Preparing: SELECT COUNT(1) FROM t_user WHERE phone_number = ? AND password = ? 
2017-09-12 00:20:51.696 [http-nio-8080-exec-4] DEBUG com.estore.user.mapper.UserMapper.countByPhoneNumberAndPassword - ==> Parameters: 666(String), yyy(String)
2017-09-12 00:20:51.698 [http-nio-8080-exec-4] DEBUG com.estore.user.mapper.UserMapper.countByPhoneNumberAndPassword - <==      Total: 1
2017-09-12 00:24:24.328 [http-nio-8080-exec-3] DEBUG com.estore.user.mapper.UserMapper.countByPhoneNumberAndPassword - ==>  Preparing: SELECT COUNT(1) FROM t_user WHERE phone_number = ? AND password = ? 
2017-09-12 00:24:24.329 [http-nio-8080-exec-3] DEBUG com.estore.user.mapper.UserMapper.countByPhoneNumberAndPassword - ==> Parameters: 2333(String), rrrrr(String)
2017-09-12 00:24:24.331 [http-nio-8080-exec-3] DEBUG com.estore.user.mapper.UserMapper.countByPhoneNumberAndPassword - <==      Total: 1
