2017-09-15 22:38:24.051 [main] INFO  com.estore.EStoreApplication - Starting EStoreApplication on 01A669301435337 with PID 6716 (C:\Workspace\SubWork\EStore\bin started by 01435337 in C:\Workspace\SubWork\EStore)
2017-09-15 22:38:24.081 [main] INFO  com.estore.EStoreApplication - No active profile set, falling back to default profiles: default
2017-09-15 22:38:24.177 [main] INFO  org.springframework.boot.context.embedded.AnnotationConfigEmbeddedWebApplicationContext - Refreshing org.springframework.boot.context.embedded.AnnotationConfigEmbeddedWebApplicationContext@4fbda97b: startup date [Fri Sep 15 22:38:24 CST 2017]; root of context hierarchy
2017-09-15 22:38:24.592 [background-preinit] INFO  org.hibernate.validator.internal.util.Version - HV000001: Hibernate Validator 5.3.5.Final
2017-09-15 22:38:28.571 [main] INFO  org.springframework.boot.context.embedded.tomcat.TomcatEmbeddedServletContainer - Tomcat initialized with port(s): 8080 (http)
2017-09-15 22:38:29.146 [localhost-startStop-1] INFO  org.springframework.web.context.ContextLoader - Root WebApplicationContext: initialization completed in 4973 ms
2017-09-15 22:38:29.953 [localhost-startStop-1] INFO  org.springframework.cache.ehcache.EhCacheManagerFactoryBean - Initializing EhCache CacheManager
2017-09-15 22:38:30.516 [localhost-startStop-1] INFO  org.springframework.boot.web.servlet.FilterRegistrationBean - Mapping filter: 'characterEncodingFilter' to: [/*]
2017-09-15 22:38:30.517 [localhost-startStop-1] INFO  org.springframework.boot.web.servlet.FilterRegistrationBean - Mapping filter: 'hiddenHttpMethodFilter' to: [/*]
2017-09-15 22:38:30.517 [localhost-startStop-1] INFO  org.springframework.boot.web.servlet.FilterRegistrationBean - Mapping filter: 'httpPutFormContentFilter' to: [/*]
2017-09-15 22:38:30.517 [localhost-startStop-1] INFO  org.springframework.boot.web.servlet.FilterRegistrationBean - Mapping filter: 'requestContextFilter' to: [/*]
2017-09-15 22:38:30.517 [localhost-startStop-1] INFO  org.springframework.boot.web.servlet.FilterRegistrationBean - Mapping filter: 'delegatingFilterProxy' to urls: [/app/*]
2017-09-15 22:38:30.518 [localhost-startStop-1] INFO  org.springframework.boot.web.servlet.FilterRegistrationBean - Filter characterEncodingFilter was not registered (possibly already registered?)
2017-09-15 22:38:30.518 [localhost-startStop-1] INFO  org.springframework.boot.web.servlet.FilterRegistrationBean - Mapping filter: 'mobileAppAuthRequestFilter' to: [/*]
2017-09-15 22:38:30.518 [localhost-startStop-1] INFO  org.springframework.boot.web.servlet.ServletRegistrationBean - Mapping servlet: 'dispatcherServlet' to [/]
2017-09-15 22:38:33.138 [main] INFO  org.springframework.web.servlet.mvc.method.annotation.RequestMappingHandlerAdapter - Looking for @ControllerAdvice: org.springframework.boot.context.embedded.AnnotationConfigEmbeddedWebApplicationContext@4fbda97b: startup date [Fri Sep 15 22:38:24 CST 2017]; root of context hierarchy
2017-09-15 22:38:33.357 [main] INFO  org.springframework.web.servlet.mvc.method.annotation.RequestMappingHandlerMapping - Mapped "{[/download/image/{filename:.+}],methods=[GET],produces=[image/*]}" onto public org.springframework.core.io.Resource com.estore.common.controller.DownloadController.downloadImage(java.lang.String,javax.servlet.http.HttpServletRequest)
2017-09-15 22:38:33.360 [main] INFO  org.springframework.web.servlet.mvc.method.annotation.RequestMappingHandlerMapping - Mapped "{[/download/video/{filename:.+}],methods=[GET],produces=[video/*]}" onto public org.springframework.core.io.support.ResourceRegion com.estore.common.controller.DownloadController.downloadVideo(java.lang.String,javax.servlet.http.HttpServletRequest)
2017-09-15 22:38:33.362 [main] INFO  org.springframework.web.servlet.mvc.method.annotation.RequestMappingHandlerMapping - Mapped "{[/upload/image],methods=[POST]}" onto public com.estore.base.ResponseResult com.estore.common.controller.UploadController.uploadImage(org.springframework.web.multipart.MultipartHttpServletRequest)
2017-09-15 22:38:33.363 [main] INFO  org.springframework.web.servlet.mvc.method.annotation.RequestMappingHandlerMapping - Mapped "{[/upload/video],methods=[POST]}" onto public com.estore.base.ResponseResult com.estore.common.controller.UploadController.uploadVideo(org.springframework.web.multipart.MultipartHttpServletRequest)
2017-09-15 22:38:33.365 [main] INFO  org.springframework.web.servlet.mvc.method.annotation.RequestMappingHandlerMapping - Mapped "{[/microclass/remove]}" onto public com.estore.base.ResponseResult com.estore.microclass.controller.MicroClassController.remove(int[])
2017-09-15 22:38:33.365 [main] INFO  org.springframework.web.servlet.mvc.method.annotation.RequestMappingHandlerMapping - Mapped "{[/microclass/save]}" onto public com.estore.base.ResponseResult com.estore.microclass.controller.MicroClassController.save(com.estore.microclass.entity.MicroClass,org.springframework.validation.BindingResult)
2017-09-15 22:38:33.365 [main] INFO  org.springframework.web.servlet.mvc.method.annotation.RequestMappingHandlerMapping - Mapped "{[/microclass/search]}" onto public com.estore.base.ResponseResult com.estore.microclass.controller.MicroClassController.search(java.lang.String)
2017-09-15 22:38:33.366 [main] INFO  org.springframework.web.servlet.mvc.method.annotation.RequestMappingHandlerMapping - Mapped "{[/microclass/modify]}" onto public com.estore.base.ResponseResult com.estore.microclass.controller.MicroClassController.modify(com.estore.microclass.entity.MicroClass,org.springframework.validation.BindingResult)
2017-09-15 22:38:33.366 [main] INFO  org.springframework.web.servlet.mvc.method.annotation.RequestMappingHandlerMapping - Mapped "{[/microclass/getDetail]}" onto public com.estore.base.ResponseResult com.estore.microclass.controller.MicroClassController.getDetail(int)
2017-09-15 22:38:33.366 [main] INFO  org.springframework.web.servlet.mvc.method.annotation.RequestMappingHandlerMapping - Mapped "{[/microclass/edit]}" onto public com.estore.microclass.entity.MicroClass com.estore.microclass.controller.MicroClassController.getDetail()
2017-09-15 22:38:33.367 [main] INFO  org.springframework.web.servlet.mvc.method.annotation.RequestMappingHandlerMapping - Mapped "{[/app/microclass/search]}" onto public com.estore.base.ResponseResult com.estore.microclass.controller.MicroClassController.searchForApp(java.lang.String)
2017-09-15 22:38:33.370 [main] INFO  org.springframework.web.servlet.mvc.method.annotation.RequestMappingHandlerMapping - Mapped "{[/microclassvideo/remove]}" onto public com.estore.base.ResponseResult com.estore.microclass.controller.MicroClassVideoController.remove(int[])
2017-09-15 22:38:33.371 [main] INFO  org.springframework.web.servlet.mvc.method.annotation.RequestMappingHandlerMapping - Mapped "{[/microclassvideo/save]}" onto public com.estore.base.ResponseResult com.estore.microclass.controller.MicroClassVideoController.save(com.estore.microclass.entity.MicroClassVideo,org.springframework.validation.BindingResult)
2017-09-15 22:38:33.371 [main] INFO  org.springframework.web.servlet.mvc.method.annotation.RequestMappingHandlerMapping - Mapped "{[/microclassvideo/search]}" onto public com.estore.base.ResponseResult com.estore.microclass.controller.MicroClassVideoController.search(java.lang.String)
2017-09-15 22:38:33.372 [main] INFO  org.springframework.web.servlet.mvc.method.annotation.RequestMappingHandlerMapping - Mapped "{[/microclassvideo/modify]}" onto public com.estore.base.ResponseResult com.estore.microclass.controller.MicroClassVideoController.modify(com.estore.microclass.entity.MicroClassVideo,org.springframework.validation.BindingResult)
2017-09-15 22:38:33.372 [main] INFO  org.springframework.web.servlet.mvc.method.annotation.RequestMappingHandlerMapping - Mapped "{[/microclassvideo/searchByMicroClassId]}" onto public com.estore.base.ResponseResult com.estore.microclass.controller.MicroClassVideoController.searchByMicroClassId(int)
2017-09-15 22:38:33.372 [main] INFO  org.springframework.web.servlet.mvc.method.annotation.RequestMappingHandlerMapping - Mapped "{[/microclassvideo/getDetail]}" onto public com.estore.base.ResponseResult com.estore.microclass.controller.MicroClassVideoController.getDetail(int)
2017-09-15 22:38:33.375 [main] INFO  org.springframework.web.servlet.mvc.method.annotation.RequestMappingHandlerMapping - Mapped "{[/majorcategory/remove]}" onto public com.estore.base.ResponseResult com.estore.product.controller.MajorCategoryController.remove(int[])
2017-09-15 22:38:33.375 [main] INFO  org.springframework.web.servlet.mvc.method.annotation.RequestMappingHandlerMapping - Mapped "{[/majorcategory/save]}" onto public com.estore.base.ResponseResult com.estore.product.controller.MajorCategoryController.save(com.estore.product.entity.MajorCategory,org.springframework.validation.BindingResult)
2017-09-15 22:38:33.376 [main] INFO  org.springframework.web.servlet.mvc.method.annotation.RequestMappingHandlerMapping - Mapped "{[/majorcategory/search]}" onto public com.estore.base.ResponseResult com.estore.product.controller.MajorCategoryController.search(java.lang.String)
2017-09-15 22:38:33.376 [main] INFO  org.springframework.web.servlet.mvc.method.annotation.RequestMappingHandlerMapping - Mapped "{[/majorcategory/modify]}" onto public com.estore.base.ResponseResult com.estore.product.controller.MajorCategoryController.modify(com.estore.product.entity.MajorCategory)
2017-09-15 22:38:33.376 [main] INFO  org.springframework.web.servlet.mvc.method.annotation.RequestMappingHandlerMapping - Mapped "{[/majorcategory/getdetail]}" onto public com.estore.base.ResponseResult com.estore.product.controller.MajorCategoryController.getDetail(int)
2017-09-15 22:38:33.378 [main] INFO  org.springframework.web.servlet.mvc.method.annotation.RequestMappingHandlerMapping - Mapped "{[/minorcategory/remove]}" onto public com.estore.base.ResponseResult com.estore.product.controller.MinorCategoryController.remove(int[])
2017-09-15 22:38:33.379 [main] INFO  org.springframework.web.servlet.mvc.method.annotation.RequestMappingHandlerMapping - Mapped "{[/minorcategory/save]}" onto public com.estore.base.ResponseResult com.estore.product.controller.MinorCategoryController.save(com.estore.product.entity.MinorCategory,org.springframework.validation.BindingResult)
2017-09-15 22:38:33.379 [main] INFO  org.springframework.web.servlet.mvc.method.annotation.RequestMappingHandlerMapping - Mapped "{[/minorcategory/search]}" onto public com.estore.base.ResponseResult com.estore.product.controller.MinorCategoryController.search(java.lang.String)
2017-09-15 22:38:33.380 [main] INFO  org.springframework.web.servlet.mvc.method.annotation.RequestMappingHandlerMapping - Mapped "{[/minorcategory/modify]}" onto public com.estore.base.ResponseResult com.estore.product.controller.MinorCategoryController.modify(com.estore.product.entity.MinorCategory,org.springframework.validation.BindingResult)
2017-09-15 22:38:33.380 [main] INFO  org.springframework.web.servlet.mvc.method.annotation.RequestMappingHandlerMapping - Mapped "{[/minorcategory/getdetail]}" onto public com.estore.base.ResponseResult com.estore.product.controller.MinorCategoryController.getDetail(int)
2017-09-15 22:38:33.381 [main] INFO  org.springframework.web.servlet.mvc.method.annotation.RequestMappingHandlerMapping - Mapped "{[/product/remove],methods=[POST]}" onto public com.estore.base.ResponseResult com.estore.product.controller.ProductController.remove(int)
2017-09-15 22:38:33.382 [main] INFO  org.springframework.web.servlet.mvc.method.annotation.RequestMappingHandlerMapping - Mapped "{[/product/save]}" onto public com.estore.base.ResponseResult com.estore.product.controller.ProductController.save(com.estore.product.entity.Product,org.springframework.validation.BindingResult)
2017-09-15 22:38:33.382 [main] INFO  org.springframework.web.servlet.mvc.method.annotation.RequestMappingHandlerMapping - Mapped "{[/product/search],methods=[GET]}" onto public com.estore.base.ResponseResult com.estore.product.controller.ProductController.search(com.estore.product.dto.ProductSearchDto)
2017-09-15 22:38:33.383 [main] INFO  org.springframework.web.servlet.mvc.method.annotation.RequestMappingHandlerMapping - Mapped "{[/product/getDetail]}" onto public com.estore.base.ResponseResult com.estore.product.controller.ProductController.getDetail(int)
2017-09-15 22:38:33.383 [main] INFO  org.springframework.web.servlet.mvc.method.annotation.RequestMappingHandlerMapping - Mapped "{[/app/product/search],methods=[GET]}" onto public com.estore.base.ResponseResult com.estore.product.controller.ProductController.searchForApp(com.estore.product.dto.ProductSearchDto)
2017-09-15 22:38:33.384 [main] INFO  org.springframework.web.servlet.mvc.method.annotation.RequestMappingHandlerMapping - Mapped "{[/app/login],methods=[GET]}" onto public com.estore.base.ResponseResult com.estore.user.controller.AuthController.login(java.lang.String,java.lang.String)
2017-09-15 22:38:33.385 [main] INFO  org.springframework.web.servlet.mvc.method.annotation.RequestMappingHandlerMapping - Mapped "{[/user/remove]}" onto public com.estore.base.ResponseResult com.estore.user.controller.UserController.remove(int[])
2017-09-15 22:38:33.386 [main] INFO  org.springframework.web.servlet.mvc.method.annotation.RequestMappingHandlerMapping - Mapped "{[/user/save]}" onto public com.estore.base.ResponseResult com.estore.user.controller.UserController.save(com.estore.user.entity.User,org.springframework.validation.BindingResult)
2017-09-15 22:38:33.386 [main] INFO  org.springframework.web.servlet.mvc.method.annotation.RequestMappingHandlerMapping - Mapped "{[/user/search]}" onto public com.estore.base.ResponseResult com.estore.user.controller.UserController.search(com.estore.user.entity.User,org.springframework.validation.BindingResult)
2017-09-15 22:38:33.387 [main] INFO  org.springframework.web.servlet.mvc.method.annotation.RequestMappingHandlerMapping - Mapped "{[/user/modify]}" onto public com.estore.base.ResponseResult com.estore.user.controller.UserController.modify(com.estore.user.entity.User,org.springframework.validation.BindingResult)
2017-09-15 22:38:33.387 [main] INFO  org.springframework.web.servlet.mvc.method.annotation.RequestMappingHandlerMapping - Mapped "{[/user/findByPhoneNumber]}" onto public com.estore.base.ResponseResult com.estore.user.controller.UserController.findByPhoneNumber(java.lang.String)
2017-09-15 22:38:33.387 [main] INFO  org.springframework.web.servlet.mvc.method.annotation.RequestMappingHandlerMapping - Mapped "{[/app/user/searchLowerAgents]}" onto public com.estore.base.ResponseResult com.estore.user.controller.UserController.searchLowerAgents(int)
2017-09-15 22:38:33.388 [main] INFO  org.springframework.web.servlet.mvc.method.annotation.RequestMappingHandlerMapping - Mapped "{[/user/modifyPassword]}" onto public com.estore.base.ResponseResult com.estore.user.controller.UserController.modifyPassword(com.estore.user.dto.UserPasswordDto,org.springframework.validation.BindingResult)
2017-09-15 22:38:33.395 [main] INFO  org.springframework.web.servlet.mvc.method.annotation.RequestMappingHandlerMapping - Mapped "{[/error]}" onto public org.springframework.http.ResponseEntity<java.util.Map<java.lang.String, java.lang.Object>> org.springframework.boot.autoconfigure.web.BasicErrorController.error(javax.servlet.http.HttpServletRequest)
2017-09-15 22:38:33.396 [main] INFO  org.springframework.web.servlet.mvc.method.annotation.RequestMappingHandlerMapping - Mapped "{[/error],produces=[text/html]}" onto public org.springframework.web.servlet.ModelAndView org.springframework.boot.autoconfigure.web.BasicErrorController.errorHtml(javax.servlet.http.HttpServletRequest,javax.servlet.http.HttpServletResponse)
2017-09-15 22:38:33.487 [main] INFO  org.springframework.web.servlet.handler.SimpleUrlHandlerMapping - Mapped URL path [/webjars/**] onto handler of type [class org.springframework.web.servlet.resource.ResourceHttpRequestHandler]
2017-09-15 22:38:33.487 [main] INFO  org.springframework.web.servlet.handler.SimpleUrlHandlerMapping - Mapped URL path [/**] onto handler of type [class org.springframework.web.servlet.resource.ResourceHttpRequestHandler]
2017-09-15 22:38:33.606 [main] INFO  org.springframework.web.servlet.handler.SimpleUrlHandlerMapping - Mapped URL path [/**/favicon.ico] onto handler of type [class org.springframework.web.servlet.resource.ResourceHttpRequestHandler]
2017-09-15 22:38:33.667 [main] INFO  org.springframework.boot.autoconfigure.web.WebMvcAutoConfiguration$WelcomePageHandlerMapping - Adding welcome page: class path resource [static/index.html]
2017-09-15 22:38:34.617 [main] INFO  org.springframework.jmx.export.annotation.AnnotationMBeanExporter - Registering beans for JMX exposure on startup
2017-09-15 22:38:34.619 [main] INFO  org.springframework.jmx.export.annotation.AnnotationMBeanExporter - Bean with name 'dataSource' has been autodetected for JMX exposure
2017-09-15 22:38:34.636 [main] INFO  org.springframework.jmx.export.annotation.AnnotationMBeanExporter - Located MBean 'dataSource': registering with JMX server as MBean [com.alibaba.druid.pool:name=dataSource,type=DruidDataSource]
2017-09-15 22:38:34.966 [main] INFO  org.springframework.boot.context.embedded.tomcat.TomcatEmbeddedServletContainer - Tomcat started on port(s): 8080 (http)
2017-09-15 22:38:34.983 [main] INFO  com.estore.EStoreApplication - Started EStoreApplication in 11.725 seconds (JVM running for 14.219)
2017-09-15 22:38:48.725 [http-nio-8080-exec-1] INFO  org.springframework.web.servlet.DispatcherServlet - FrameworkServlet 'dispatcherServlet': initialization started
2017-09-15 22:38:48.876 [http-nio-8080-exec-1] INFO  org.springframework.web.servlet.DispatcherServlet - FrameworkServlet 'dispatcherServlet': initialization completed in 150 ms
2017-09-15 22:38:50.627 [http-nio-8080-exec-7] INFO  com.alibaba.druid.pool.DruidDataSource - {dataSource-1} inited
2017-09-15 22:38:51.030 [http-nio-8080-exec-7] DEBUG com.estore.microclass.mapper.MicroClassVideoMapper.selectAll - ==>  Preparing: SELECT id, microclass_id, title, description, old_name, new_name, video_date, version FROM t_microclass_video 
2017-09-15 22:38:51.171 [http-nio-8080-exec-7] DEBUG com.estore.microclass.mapper.MicroClassVideoMapper.selectAll - ==> Parameters: 
2017-09-15 22:38:51.372 [http-nio-8080-exec-7] DEBUG com.estore.microclass.mapper.MicroClassVideoMapper.selectAll - <==      Total: 0
2017-09-15 22:38:56.937 [http-nio-8080-exec-1] DEBUG com.estore.product.mapper.ProductMapper.selectAll - ==>  Preparing: SELECT A.id, A.code, A.name, A.description, A.ex_factory_price, A.version, B.new_name FROM t_product A LEFT JOIN t_product_image B ON A.id = B.product_id AND B.display_order = 1 ORDER BY A.created_time DESC 
2017-09-15 22:38:56.966 [http-nio-8080-exec-1] DEBUG com.estore.product.mapper.ProductMapper.selectAll - ==> Parameters: 
2017-09-15 22:38:57.268 [http-nio-8080-exec-1] DEBUG com.estore.product.mapper.ProductMapper.selectAll - <==      Total: 1
2017-09-15 22:39:03.197 [http-nio-8080-exec-5] DEBUG com.estore.product.mapper.ProductMapper.selectAll - ==>  Preparing: SELECT A.id, A.code, A.name, A.description, A.ex_factory_price, A.version, B.new_name FROM t_product A LEFT JOIN t_product_image B ON A.id = B.product_id AND B.display_order = 1 ORDER BY A.created_time DESC 
2017-09-15 22:39:03.202 [http-nio-8080-exec-5] DEBUG com.estore.product.mapper.ProductMapper.selectAll - ==> Parameters: 
2017-09-15 22:39:03.206 [http-nio-8080-exec-5] DEBUG com.estore.product.mapper.ProductMapper.selectAll - <==      Total: 1
2017-09-15 22:43:15.403 [http-nio-8080-exec-2] DEBUG com.estore.user.mapper.UserMapper.getLoginAccountByPhoneNumberAndPassword - ==>  Preparing: SELECT id, phone_number, name, alias_name, wechat_number, id_card, bank_card FROM t_user WHERE phone_number = ? AND password = ? 
2017-09-15 22:43:15.458 [http-nio-8080-exec-2] DEBUG com.estore.user.mapper.UserMapper.getLoginAccountByPhoneNumberAndPassword - ==> Parameters: 18562737345(String), 123(String)
2017-09-15 22:43:15.518 [http-nio-8080-exec-2] DEBUG com.estore.user.mapper.UserMapper.getLoginAccountByPhoneNumberAndPassword - <==      Total: 1
2017-09-15 22:43:15.611 [http-nio-8080-exec-1] DEBUG com.estore.product.mapper.ProductMapper.selectAllForApp - ==>  Preparing: SELECT A.id, A.code, A.major_category_id, A.minor_category_id, C.name AS major_category_name, D.name AS minor_category_name, A.name, A.description, A.ex_factory_price, A.favorable_price, A.primary_price, A.phone_number, A.wechat_number, A.color, A.category, A.style, A.theme, A.price_range_from, A.price_range_to, A.cricle_ration, A.version, B.new_name, E.name AS video_name FROM t_product A LEFT JOIN t_product_image B ON A.id = B.product_id AND B.display_order = 1 LEFT JOIN t_product_video E ON A.id = E.product_id LEFT JOIN t_major_category C ON A.major_category_id = C.id LEFT JOIN t_minor_category D ON A.minor_category_id = D.id WHERE A.created_time >= (NOW()-INTERVAL'5 day') ORDER BY A.created_time DESC LIMIT ? OFFSET ? 
2017-09-15 22:43:15.664 [http-nio-8080-exec-1] DEBUG com.estore.product.mapper.ProductMapper.selectAllForApp - ==> Parameters: 24(Integer), 0(Integer)
2017-09-15 22:43:15.818 [http-nio-8080-exec-1] DEBUG com.estore.product.mapper.ProductMapper.selectAllForApp - <==      Total: 0
2017-09-15 22:43:18.395 [http-nio-8080-exec-3] DEBUG com.estore.product.mapper.ProductMapper.selectAllForApp - ==>  Preparing: SELECT A.id, A.code, A.major_category_id, A.minor_category_id, C.name AS major_category_name, D.name AS minor_category_name, A.name, A.description, A.ex_factory_price, A.favorable_price, A.primary_price, A.phone_number, A.wechat_number, A.color, A.category, A.style, A.theme, A.price_range_from, A.price_range_to, A.cricle_ration, A.version, B.new_name, E.name AS video_name FROM t_product A LEFT JOIN t_product_image B ON A.id = B.product_id AND B.display_order = 1 LEFT JOIN t_product_video E ON A.id = E.product_id LEFT JOIN t_major_category C ON A.major_category_id = C.id LEFT JOIN t_minor_category D ON A.minor_category_id = D.id WHERE A.major_category_id = ? ORDER BY A.created_time DESC LIMIT ? OFFSET ? 
2017-09-15 22:43:18.398 [http-nio-8080-exec-3] DEBUG com.estore.product.mapper.ProductMapper.selectAllForApp - ==> Parameters: 2(Integer), 24(Integer), 0(Integer)
2017-09-15 22:43:18.404 [http-nio-8080-exec-3] DEBUG com.estore.product.mapper.ProductMapper.selectAllForApp - <==      Total: 1
2017-09-15 22:43:18.405 [http-nio-8080-exec-3] DEBUG com.estore.product.mapper.ProductImageMapper.selectImageNamesByProductId - ==>  Preparing: SELECT new_name FROM t_product_image WHERE product_id = ? 
2017-09-15 22:43:18.406 [http-nio-8080-exec-3] DEBUG com.estore.product.mapper.ProductImageMapper.selectImageNamesByProductId - ==> Parameters: 28(Integer)
2017-09-15 22:43:18.409 [http-nio-8080-exec-3] DEBUG com.estore.product.mapper.ProductImageMapper.selectImageNamesByProductId - <==      Total: 3
2017-09-15 22:43:20.959 [http-nio-8080-exec-8] DEBUG com.estore.product.mapper.ProductMapper.selectAllForApp - ==>  Preparing: SELECT A.id, A.code, A.major_category_id, A.minor_category_id, C.name AS major_category_name, D.name AS minor_category_name, A.name, A.description, A.ex_factory_price, A.favorable_price, A.primary_price, A.phone_number, A.wechat_number, A.color, A.category, A.style, A.theme, A.price_range_from, A.price_range_to, A.cricle_ration, A.version, B.new_name, E.name AS video_name FROM t_product A LEFT JOIN t_product_image B ON A.id = B.product_id AND B.display_order = 1 LEFT JOIN t_product_video E ON A.id = E.product_id LEFT JOIN t_major_category C ON A.major_category_id = C.id LEFT JOIN t_minor_category D ON A.minor_category_id = D.id WHERE A.major_category_id = ? ORDER BY A.created_time DESC LIMIT ? OFFSET ? 
2017-09-15 22:43:20.960 [http-nio-8080-exec-8] DEBUG com.estore.product.mapper.ProductMapper.selectAllForApp - ==> Parameters: 2(Integer), 24(Integer), 24(Integer)
2017-09-15 22:43:20.963 [http-nio-8080-exec-8] DEBUG com.estore.product.mapper.ProductMapper.selectAllForApp - <==      Total: 0
2017-09-15 22:43:21.029 [http-nio-8080-exec-9] DEBUG com.estore.product.mapper.ProductMapper.selectAllForApp - ==>  Preparing: SELECT A.id, A.code, A.major_category_id, A.minor_category_id, C.name AS major_category_name, D.name AS minor_category_name, A.name, A.description, A.ex_factory_price, A.favorable_price, A.primary_price, A.phone_number, A.wechat_number, A.color, A.category, A.style, A.theme, A.price_range_from, A.price_range_to, A.cricle_ration, A.version, B.new_name, E.name AS video_name FROM t_product A LEFT JOIN t_product_image B ON A.id = B.product_id AND B.display_order = 1 LEFT JOIN t_product_video E ON A.id = E.product_id LEFT JOIN t_major_category C ON A.major_category_id = C.id LEFT JOIN t_minor_category D ON A.minor_category_id = D.id WHERE A.major_category_id = ? ORDER BY A.created_time DESC LIMIT ? OFFSET ? 
2017-09-15 22:43:21.031 [http-nio-8080-exec-9] DEBUG com.estore.product.mapper.ProductMapper.selectAllForApp - ==> Parameters: 2(Integer), 24(Integer), 24(Integer)
2017-09-15 22:43:21.035 [http-nio-8080-exec-9] DEBUG com.estore.product.mapper.ProductMapper.selectAllForApp - <==      Total: 0
2017-09-15 22:43:21.071 [http-nio-8080-exec-5] DEBUG com.estore.product.mapper.ProductMapper.selectAllForApp - ==>  Preparing: SELECT A.id, A.code, A.major_category_id, A.minor_category_id, C.name AS major_category_name, D.name AS minor_category_name, A.name, A.description, A.ex_factory_price, A.favorable_price, A.primary_price, A.phone_number, A.wechat_number, A.color, A.category, A.style, A.theme, A.price_range_from, A.price_range_to, A.cricle_ration, A.version, B.new_name, E.name AS video_name FROM t_product A LEFT JOIN t_product_image B ON A.id = B.product_id AND B.display_order = 1 LEFT JOIN t_product_video E ON A.id = E.product_id LEFT JOIN t_major_category C ON A.major_category_id = C.id LEFT JOIN t_minor_category D ON A.minor_category_id = D.id WHERE A.major_category_id = ? ORDER BY A.created_time DESC LIMIT ? OFFSET ? 
2017-09-15 22:43:21.072 [http-nio-8080-exec-5] DEBUG com.estore.product.mapper.ProductMapper.selectAllForApp - ==> Parameters: 2(Integer), 24(Integer), 24(Integer)
2017-09-15 22:43:21.076 [http-nio-8080-exec-5] DEBUG com.estore.product.mapper.ProductMapper.selectAllForApp - <==      Total: 0
2017-09-15 22:43:21.127 [http-nio-8080-exec-10] DEBUG com.estore.product.mapper.ProductMapper.selectAllForApp - ==>  Preparing: SELECT A.id, A.code, A.major_category_id, A.minor_category_id, C.name AS major_category_name, D.name AS minor_category_name, A.name, A.description, A.ex_factory_price, A.favorable_price, A.primary_price, A.phone_number, A.wechat_number, A.color, A.category, A.style, A.theme, A.price_range_from, A.price_range_to, A.cricle_ration, A.version, B.new_name, E.name AS video_name FROM t_product A LEFT JOIN t_product_image B ON A.id = B.product_id AND B.display_order = 1 LEFT JOIN t_product_video E ON A.id = E.product_id LEFT JOIN t_major_category C ON A.major_category_id = C.id LEFT JOIN t_minor_category D ON A.minor_category_id = D.id WHERE A.major_category_id = ? ORDER BY A.created_time DESC LIMIT ? OFFSET ? 
2017-09-15 22:43:21.129 [http-nio-8080-exec-10] DEBUG com.estore.product.mapper.ProductMapper.selectAllForApp - ==> Parameters: 2(Integer), 24(Integer), 24(Integer)
2017-09-15 22:43:21.132 [http-nio-8080-exec-10] DEBUG com.estore.product.mapper.ProductMapper.selectAllForApp - <==      Total: 0
2017-09-15 22:43:21.205 [http-nio-8080-exec-7] DEBUG com.estore.product.mapper.ProductMapper.selectAllForApp - ==>  Preparing: SELECT A.id, A.code, A.major_category_id, A.minor_category_id, C.name AS major_category_name, D.name AS minor_category_name, A.name, A.description, A.ex_factory_price, A.favorable_price, A.primary_price, A.phone_number, A.wechat_number, A.color, A.category, A.style, A.theme, A.price_range_from, A.price_range_to, A.cricle_ration, A.version, B.new_name, E.name AS video_name FROM t_product A LEFT JOIN t_product_image B ON A.id = B.product_id AND B.display_order = 1 LEFT JOIN t_product_video E ON A.id = E.product_id LEFT JOIN t_major_category C ON A.major_category_id = C.id LEFT JOIN t_minor_category D ON A.minor_category_id = D.id WHERE A.major_category_id = ? ORDER BY A.created_time DESC LIMIT ? OFFSET ? 
2017-09-15 22:43:21.207 [http-nio-8080-exec-7] DEBUG com.estore.product.mapper.ProductMapper.selectAllForApp - ==> Parameters: 2(Integer), 24(Integer), 24(Integer)
2017-09-15 22:43:21.208 [http-nio-8080-exec-7] DEBUG com.estore.product.mapper.ProductMapper.selectAllForApp - <==      Total: 0
2017-09-15 22:43:21.293 [http-nio-8080-exec-4] DEBUG com.estore.product.mapper.ProductMapper.selectAllForApp - ==>  Preparing: SELECT A.id, A.code, A.major_category_id, A.minor_category_id, C.name AS major_category_name, D.name AS minor_category_name, A.name, A.description, A.ex_factory_price, A.favorable_price, A.primary_price, A.phone_number, A.wechat_number, A.color, A.category, A.style, A.theme, A.price_range_from, A.price_range_to, A.cricle_ration, A.version, B.new_name, E.name AS video_name FROM t_product A LEFT JOIN t_product_image B ON A.id = B.product_id AND B.display_order = 1 LEFT JOIN t_product_video E ON A.id = E.product_id LEFT JOIN t_major_category C ON A.major_category_id = C.id LEFT JOIN t_minor_category D ON A.minor_category_id = D.id WHERE A.major_category_id = ? ORDER BY A.created_time DESC LIMIT ? OFFSET ? 
2017-09-15 22:43:21.295 [http-nio-8080-exec-4] DEBUG com.estore.product.mapper.ProductMapper.selectAllForApp - ==> Parameters: 2(Integer), 24(Integer), 24(Integer)
2017-09-15 22:43:21.298 [http-nio-8080-exec-4] DEBUG com.estore.product.mapper.ProductMapper.selectAllForApp - <==      Total: 0
2017-09-15 22:43:21.354 [http-nio-8080-exec-2] DEBUG com.estore.product.mapper.ProductMapper.selectAllForApp - ==>  Preparing: SELECT A.id, A.code, A.major_category_id, A.minor_category_id, C.name AS major_category_name, D.name AS minor_category_name, A.name, A.description, A.ex_factory_price, A.favorable_price, A.primary_price, A.phone_number, A.wechat_number, A.color, A.category, A.style, A.theme, A.price_range_from, A.price_range_to, A.cricle_ration, A.version, B.new_name, E.name AS video_name FROM t_product A LEFT JOIN t_product_image B ON A.id = B.product_id AND B.display_order = 1 LEFT JOIN t_product_video E ON A.id = E.product_id LEFT JOIN t_major_category C ON A.major_category_id = C.id LEFT JOIN t_minor_category D ON A.minor_category_id = D.id WHERE A.major_category_id = ? ORDER BY A.created_time DESC LIMIT ? OFFSET ? 
2017-09-15 22:43:21.356 [http-nio-8080-exec-2] DEBUG com.estore.product.mapper.ProductMapper.selectAllForApp - ==> Parameters: 2(Integer), 24(Integer), 24(Integer)
2017-09-15 22:43:21.359 [http-nio-8080-exec-2] DEBUG com.estore.product.mapper.ProductMapper.selectAllForApp - <==      Total: 0
2017-09-15 22:43:22.084 [http-nio-8080-exec-1] DEBUG com.estore.product.mapper.ProductMapper.selectAllForApp - ==>  Preparing: SELECT A.id, A.code, A.major_category_id, A.minor_category_id, C.name AS major_category_name, D.name AS minor_category_name, A.name, A.description, A.ex_factory_price, A.favorable_price, A.primary_price, A.phone_number, A.wechat_number, A.color, A.category, A.style, A.theme, A.price_range_from, A.price_range_to, A.cricle_ration, A.version, B.new_name, E.name AS video_name FROM t_product A LEFT JOIN t_product_image B ON A.id = B.product_id AND B.display_order = 1 LEFT JOIN t_product_video E ON A.id = E.product_id LEFT JOIN t_major_category C ON A.major_category_id = C.id LEFT JOIN t_minor_category D ON A.minor_category_id = D.id WHERE A.major_category_id = ? ORDER BY A.created_time DESC LIMIT ? OFFSET ? 
2017-09-15 22:43:22.092 [http-nio-8080-exec-1] DEBUG com.estore.product.mapper.ProductMapper.selectAllForApp - ==> Parameters: 2(Integer), 24(Integer), 24(Integer)
2017-09-15 22:43:22.098 [http-nio-8080-exec-1] DEBUG com.estore.product.mapper.ProductMapper.selectAllForApp - <==      Total: 0
2017-09-15 22:43:22.149 [http-nio-8080-exec-3] DEBUG com.estore.product.mapper.ProductMapper.selectAllForApp - ==>  Preparing: SELECT A.id, A.code, A.major_category_id, A.minor_category_id, C.name AS major_category_name, D.name AS minor_category_name, A.name, A.description, A.ex_factory_price, A.favorable_price, A.primary_price, A.phone_number, A.wechat_number, A.color, A.category, A.style, A.theme, A.price_range_from, A.price_range_to, A.cricle_ration, A.version, B.new_name, E.name AS video_name FROM t_product A LEFT JOIN t_product_image B ON A.id = B.product_id AND B.display_order = 1 LEFT JOIN t_product_video E ON A.id = E.product_id LEFT JOIN t_major_category C ON A.major_category_id = C.id LEFT JOIN t_minor_category D ON A.minor_category_id = D.id WHERE A.major_category_id = ? ORDER BY A.created_time DESC LIMIT ? OFFSET ? 
2017-09-15 22:43:22.153 [http-nio-8080-exec-3] DEBUG com.estore.product.mapper.ProductMapper.selectAllForApp - ==> Parameters: 2(Integer), 24(Integer), 24(Integer)
2017-09-15 22:43:22.160 [http-nio-8080-exec-3] DEBUG com.estore.product.mapper.ProductMapper.selectAllForApp - <==      Total: 0
2017-09-15 22:43:22.201 [http-nio-8080-exec-6] DEBUG com.estore.product.mapper.ProductMapper.selectAllForApp - ==>  Preparing: SELECT A.id, A.code, A.major_category_id, A.minor_category_id, C.name AS major_category_name, D.name AS minor_category_name, A.name, A.description, A.ex_factory_price, A.favorable_price, A.primary_price, A.phone_number, A.wechat_number, A.color, A.category, A.style, A.theme, A.price_range_from, A.price_range_to, A.cricle_ration, A.version, B.new_name, E.name AS video_name FROM t_product A LEFT JOIN t_product_image B ON A.id = B.product_id AND B.display_order = 1 LEFT JOIN t_product_video E ON A.id = E.product_id LEFT JOIN t_major_category C ON A.major_category_id = C.id LEFT JOIN t_minor_category D ON A.minor_category_id = D.id WHERE A.major_category_id = ? ORDER BY A.created_time DESC LIMIT ? OFFSET ? 
2017-09-15 22:43:22.204 [http-nio-8080-exec-6] DEBUG com.estore.product.mapper.ProductMapper.selectAllForApp - ==> Parameters: 2(Integer), 24(Integer), 24(Integer)
2017-09-15 22:43:22.205 [http-nio-8080-exec-6] DEBUG com.estore.product.mapper.ProductMapper.selectAllForApp - <==      Total: 0
2017-09-15 22:43:24.857 [http-nio-8080-exec-8] DEBUG com.estore.product.mapper.ProductMapper.selectAllForApp - ==>  Preparing: SELECT A.id, A.code, A.major_category_id, A.minor_category_id, C.name AS major_category_name, D.name AS minor_category_name, A.name, A.description, A.ex_factory_price, A.favorable_price, A.primary_price, A.phone_number, A.wechat_number, A.color, A.category, A.style, A.theme, A.price_range_from, A.price_range_to, A.cricle_ration, A.version, B.new_name, E.name AS video_name FROM t_product A LEFT JOIN t_product_image B ON A.id = B.product_id AND B.display_order = 1 LEFT JOIN t_product_video E ON A.id = E.product_id LEFT JOIN t_major_category C ON A.major_category_id = C.id LEFT JOIN t_minor_category D ON A.minor_category_id = D.id WHERE A.major_category_id = ? ORDER BY A.ex_factory_price ASC LIMIT ? OFFSET ? 
2017-09-15 22:43:24.858 [http-nio-8080-exec-8] DEBUG com.estore.product.mapper.ProductMapper.selectAllForApp - ==> Parameters: 2(Integer), 24(Integer), 0(Integer)
2017-09-15 22:43:24.861 [http-nio-8080-exec-8] DEBUG com.estore.product.mapper.ProductMapper.selectAllForApp - <==      Total: 1
2017-09-15 22:43:24.861 [http-nio-8080-exec-8] DEBUG com.estore.product.mapper.ProductImageMapper.selectImageNamesByProductId - ==>  Preparing: SELECT new_name FROM t_product_image WHERE product_id = ? 
2017-09-15 22:43:24.861 [http-nio-8080-exec-8] DEBUG com.estore.product.mapper.ProductImageMapper.selectImageNamesByProductId - ==> Parameters: 28(Integer)
2017-09-15 22:43:24.862 [http-nio-8080-exec-8] DEBUG com.estore.product.mapper.ProductImageMapper.selectImageNamesByProductId - <==      Total: 3
2017-09-15 22:43:26.318 [http-nio-8080-exec-9] DEBUG com.estore.product.mapper.ProductMapper.selectAllForApp - ==>  Preparing: SELECT A.id, A.code, A.major_category_id, A.minor_category_id, C.name AS major_category_name, D.name AS minor_category_name, A.name, A.description, A.ex_factory_price, A.favorable_price, A.primary_price, A.phone_number, A.wechat_number, A.color, A.category, A.style, A.theme, A.price_range_from, A.price_range_to, A.cricle_ration, A.version, B.new_name, E.name AS video_name FROM t_product A LEFT JOIN t_product_image B ON A.id = B.product_id AND B.display_order = 1 LEFT JOIN t_product_video E ON A.id = E.product_id LEFT JOIN t_major_category C ON A.major_category_id = C.id LEFT JOIN t_minor_category D ON A.minor_category_id = D.id WHERE A.created_time >= (NOW()-INTERVAL'5 day') ORDER BY A.ex_factory_price ASC LIMIT ? OFFSET ? 
2017-09-15 22:43:26.328 [http-nio-8080-exec-9] DEBUG com.estore.product.mapper.ProductMapper.selectAllForApp - ==> Parameters: 24(Integer), 0(Integer)
2017-09-15 22:43:26.333 [http-nio-8080-exec-9] DEBUG com.estore.product.mapper.ProductMapper.selectAllForApp - <==      Total: 0
2017-09-15 22:45:15.056 [http-nio-8080-exec-7] DEBUG com.estore.user.mapper.UserMapper.getLoginAccountByPhoneNumberAndPassword - ==>  Preparing: SELECT id, phone_number, name, alias_name, wechat_number, id_card, bank_card FROM t_user WHERE phone_number = ? AND password = ? 
2017-09-15 22:45:15.059 [http-nio-8080-exec-7] DEBUG com.estore.user.mapper.UserMapper.getLoginAccountByPhoneNumberAndPassword - ==> Parameters: 18562737345(String), 123(String)
2017-09-15 22:45:15.060 [http-nio-8080-exec-7] DEBUG com.estore.user.mapper.UserMapper.getLoginAccountByPhoneNumberAndPassword - <==      Total: 1
2017-09-15 22:45:15.133 [http-nio-8080-exec-4] DEBUG com.estore.product.mapper.ProductMapper.selectAllForApp - ==>  Preparing: SELECT A.id, A.code, A.major_category_id, A.minor_category_id, C.name AS major_category_name, D.name AS minor_category_name, A.name, A.description, A.ex_factory_price, A.favorable_price, A.primary_price, A.phone_number, A.wechat_number, A.color, A.category, A.style, A.theme, A.price_range_from, A.price_range_to, A.cricle_ration, A.version, B.new_name, E.name AS video_name FROM t_product A LEFT JOIN t_product_image B ON A.id = B.product_id AND B.display_order = 1 LEFT JOIN t_product_video E ON A.id = E.product_id LEFT JOIN t_major_category C ON A.major_category_id = C.id LEFT JOIN t_minor_category D ON A.minor_category_id = D.id WHERE A.created_time >= (NOW()-INTERVAL'5 day') ORDER BY A.created_time DESC LIMIT ? OFFSET ? 
2017-09-15 22:45:15.133 [http-nio-8080-exec-4] DEBUG com.estore.product.mapper.ProductMapper.selectAllForApp - ==> Parameters: 24(Integer), 0(Integer)
2017-09-15 22:45:15.136 [http-nio-8080-exec-4] DEBUG com.estore.product.mapper.ProductMapper.selectAllForApp - <==      Total: 0
2017-09-15 22:45:20.782 [http-nio-8080-exec-2] DEBUG com.estore.user.mapper.UserMapper.getLoginAccountByPhoneNumberAndPassword - ==>  Preparing: SELECT id, phone_number, name, alias_name, wechat_number, id_card, bank_card FROM t_user WHERE phone_number = ? AND password = ? 
2017-09-15 22:45:20.786 [http-nio-8080-exec-2] DEBUG com.estore.user.mapper.UserMapper.getLoginAccountByPhoneNumberAndPassword - ==> Parameters: 18562737345(String), 123(String)
2017-09-15 22:45:20.790 [http-nio-8080-exec-2] DEBUG com.estore.user.mapper.UserMapper.getLoginAccountByPhoneNumberAndPassword - <==      Total: 1
2017-09-15 22:45:20.901 [http-nio-8080-exec-1] DEBUG com.estore.product.mapper.ProductMapper.selectAllForApp - ==>  Preparing: SELECT A.id, A.code, A.major_category_id, A.minor_category_id, C.name AS major_category_name, D.name AS minor_category_name, A.name, A.description, A.ex_factory_price, A.favorable_price, A.primary_price, A.phone_number, A.wechat_number, A.color, A.category, A.style, A.theme, A.price_range_from, A.price_range_to, A.cricle_ration, A.version, B.new_name, E.name AS video_name FROM t_product A LEFT JOIN t_product_image B ON A.id = B.product_id AND B.display_order = 1 LEFT JOIN t_product_video E ON A.id = E.product_id LEFT JOIN t_major_category C ON A.major_category_id = C.id LEFT JOIN t_minor_category D ON A.minor_category_id = D.id WHERE A.created_time >= (NOW()-INTERVAL'5 day') ORDER BY A.created_time DESC LIMIT ? OFFSET ? 
2017-09-15 22:45:20.905 [http-nio-8080-exec-1] DEBUG com.estore.product.mapper.ProductMapper.selectAllForApp - ==> Parameters: 24(Integer), 0(Integer)
2017-09-15 22:45:20.910 [http-nio-8080-exec-1] DEBUG com.estore.product.mapper.ProductMapper.selectAllForApp - <==      Total: 0
2017-09-15 22:45:22.482 [http-nio-8080-exec-3] DEBUG com.estore.product.mapper.ProductMapper.selectAllForApp - ==>  Preparing: SELECT A.id, A.code, A.major_category_id, A.minor_category_id, C.name AS major_category_name, D.name AS minor_category_name, A.name, A.description, A.ex_factory_price, A.favorable_price, A.primary_price, A.phone_number, A.wechat_number, A.color, A.category, A.style, A.theme, A.price_range_from, A.price_range_to, A.cricle_ration, A.version, B.new_name, E.name AS video_name FROM t_product A LEFT JOIN t_product_image B ON A.id = B.product_id AND B.display_order = 1 LEFT JOIN t_product_video E ON A.id = E.product_id LEFT JOIN t_major_category C ON A.major_category_id = C.id LEFT JOIN t_minor_category D ON A.minor_category_id = D.id WHERE A.major_category_id = ? ORDER BY A.created_time DESC LIMIT ? OFFSET ? 
2017-09-15 22:45:22.485 [http-nio-8080-exec-3] DEBUG com.estore.product.mapper.ProductMapper.selectAllForApp - ==> Parameters: 2(Integer), 24(Integer), 0(Integer)
2017-09-15 22:45:22.494 [http-nio-8080-exec-3] DEBUG com.estore.product.mapper.ProductMapper.selectAllForApp - <==      Total: 1
2017-09-15 22:45:22.496 [http-nio-8080-exec-3] DEBUG com.estore.product.mapper.ProductImageMapper.selectImageNamesByProductId - ==>  Preparing: SELECT new_name FROM t_product_image WHERE product_id = ? 
2017-09-15 22:45:22.496 [http-nio-8080-exec-3] DEBUG com.estore.product.mapper.ProductImageMapper.selectImageNamesByProductId - ==> Parameters: 28(Integer)
2017-09-15 22:45:22.498 [http-nio-8080-exec-3] DEBUG com.estore.product.mapper.ProductImageMapper.selectImageNamesByProductId - <==      Total: 3
2017-09-15 22:45:24.157 [http-nio-8080-exec-8] DEBUG com.estore.product.mapper.ProductMapper.selectAllForApp - ==>  Preparing: SELECT A.id, A.code, A.major_category_id, A.minor_category_id, C.name AS major_category_name, D.name AS minor_category_name, A.name, A.description, A.ex_factory_price, A.favorable_price, A.primary_price, A.phone_number, A.wechat_number, A.color, A.category, A.style, A.theme, A.price_range_from, A.price_range_to, A.cricle_ration, A.version, B.new_name, E.name AS video_name FROM t_product A LEFT JOIN t_product_image B ON A.id = B.product_id AND B.display_order = 1 LEFT JOIN t_product_video E ON A.id = E.product_id LEFT JOIN t_major_category C ON A.major_category_id = C.id LEFT JOIN t_minor_category D ON A.minor_category_id = D.id WHERE A.major_category_id = ? ORDER BY A.ex_factory_price ASC LIMIT ? OFFSET ? 
2017-09-15 22:45:24.159 [http-nio-8080-exec-8] DEBUG com.estore.product.mapper.ProductMapper.selectAllForApp - ==> Parameters: 2(Integer), 24(Integer), 0(Integer)
2017-09-15 22:45:24.162 [http-nio-8080-exec-8] DEBUG com.estore.product.mapper.ProductMapper.selectAllForApp - <==      Total: 1
2017-09-15 22:45:24.162 [http-nio-8080-exec-8] DEBUG com.estore.product.mapper.ProductImageMapper.selectImageNamesByProductId - ==>  Preparing: SELECT new_name FROM t_product_image WHERE product_id = ? 
2017-09-15 22:45:24.163 [http-nio-8080-exec-8] DEBUG com.estore.product.mapper.ProductImageMapper.selectImageNamesByProductId - ==> Parameters: 28(Integer)
2017-09-15 22:45:24.164 [http-nio-8080-exec-8] DEBUG com.estore.product.mapper.ProductImageMapper.selectImageNamesByProductId - <==      Total: 3
2017-09-15 22:45:25.476 [http-nio-8080-exec-9] DEBUG com.estore.product.mapper.ProductMapper.selectAllForApp - ==>  Preparing: SELECT A.id, A.code, A.major_category_id, A.minor_category_id, C.name AS major_category_name, D.name AS minor_category_name, A.name, A.description, A.ex_factory_price, A.favorable_price, A.primary_price, A.phone_number, A.wechat_number, A.color, A.category, A.style, A.theme, A.price_range_from, A.price_range_to, A.cricle_ration, A.version, B.new_name, E.name AS video_name FROM t_product A LEFT JOIN t_product_image B ON A.id = B.product_id AND B.display_order = 1 LEFT JOIN t_product_video E ON A.id = E.product_id LEFT JOIN t_major_category C ON A.major_category_id = C.id LEFT JOIN t_minor_category D ON A.minor_category_id = D.id WHERE A.created_time >= (NOW()-INTERVAL'5 day') ORDER BY A.ex_factory_price ASC LIMIT ? OFFSET ? 
2017-09-15 22:45:25.478 [http-nio-8080-exec-9] DEBUG com.estore.product.mapper.ProductMapper.selectAllForApp - ==> Parameters: 24(Integer), 0(Integer)
2017-09-15 22:45:25.484 [http-nio-8080-exec-9] DEBUG com.estore.product.mapper.ProductMapper.selectAllForApp - <==      Total: 0
2017-09-15 22:45:26.881 [http-nio-8080-exec-5] DEBUG com.estore.product.mapper.ProductMapper.selectAllForApp - ==>  Preparing: SELECT A.id, A.code, A.major_category_id, A.minor_category_id, C.name AS major_category_name, D.name AS minor_category_name, A.name, A.description, A.ex_factory_price, A.favorable_price, A.primary_price, A.phone_number, A.wechat_number, A.color, A.category, A.style, A.theme, A.price_range_from, A.price_range_to, A.cricle_ration, A.version, B.new_name, E.name AS video_name FROM t_product A LEFT JOIN t_product_image B ON A.id = B.product_id AND B.display_order = 1 LEFT JOIN t_product_video E ON A.id = E.product_id LEFT JOIN t_major_category C ON A.major_category_id = C.id LEFT JOIN t_minor_category D ON A.minor_category_id = D.id WHERE A.created_time >= (NOW()-INTERVAL'5 day') ORDER BY A.created_time DESC LIMIT ? OFFSET ? 
2017-09-15 22:45:26.883 [http-nio-8080-exec-5] DEBUG com.estore.product.mapper.ProductMapper.selectAllForApp - ==> Parameters: 24(Integer), 0(Integer)
2017-09-15 22:45:26.885 [http-nio-8080-exec-5] DEBUG com.estore.product.mapper.ProductMapper.selectAllForApp - <==      Total: 0
2017-09-15 22:45:32.748 [http-nio-8080-exec-10] DEBUG com.estore.user.mapper.UserMapper.getLoginAccountByPhoneNumberAndPassword - ==>  Preparing: SELECT id, phone_number, name, alias_name, wechat_number, id_card, bank_card FROM t_user WHERE phone_number = ? AND password = ? 
2017-09-15 22:45:32.750 [http-nio-8080-exec-10] DEBUG com.estore.user.mapper.UserMapper.getLoginAccountByPhoneNumberAndPassword - ==> Parameters: 18562737345(String), 123(String)
2017-09-15 22:45:32.751 [http-nio-8080-exec-10] DEBUG com.estore.user.mapper.UserMapper.getLoginAccountByPhoneNumberAndPassword - <==      Total: 1
2017-09-15 22:45:32.878 [http-nio-8080-exec-7] DEBUG com.estore.product.mapper.ProductMapper.selectAllForApp - ==>  Preparing: SELECT A.id, A.code, A.major_category_id, A.minor_category_id, C.name AS major_category_name, D.name AS minor_category_name, A.name, A.description, A.ex_factory_price, A.favorable_price, A.primary_price, A.phone_number, A.wechat_number, A.color, A.category, A.style, A.theme, A.price_range_from, A.price_range_to, A.cricle_ration, A.version, B.new_name, E.name AS video_name FROM t_product A LEFT JOIN t_product_image B ON A.id = B.product_id AND B.display_order = 1 LEFT JOIN t_product_video E ON A.id = E.product_id LEFT JOIN t_major_category C ON A.major_category_id = C.id LEFT JOIN t_minor_category D ON A.minor_category_id = D.id WHERE A.created_time >= (NOW()-INTERVAL'5 day') ORDER BY A.created_time DESC LIMIT ? OFFSET ? 
2017-09-15 22:45:32.881 [http-nio-8080-exec-7] DEBUG com.estore.product.mapper.ProductMapper.selectAllForApp - ==> Parameters: 24(Integer), 0(Integer)
2017-09-15 22:45:32.886 [http-nio-8080-exec-7] DEBUG com.estore.product.mapper.ProductMapper.selectAllForApp - <==      Total: 0
2017-09-15 22:45:45.190 [http-nio-8080-exec-4] DEBUG com.estore.microclass.mapper.MicroClassMapper.selectAll - ==>  Preparing: SELECT id, title, description, version FROM t_microclass 
2017-09-15 22:45:45.196 [http-nio-8080-exec-4] DEBUG com.estore.microclass.mapper.MicroClassMapper.selectAll - ==> Parameters: 
2017-09-15 22:45:45.261 [http-nio-8080-exec-4] DEBUG com.estore.microclass.mapper.MicroClassMapper.selectAll - <==      Total: 0
2017-09-15 22:45:49.059 [http-nio-8080-exec-2] DEBUG com.estore.user.mapper.UserMapper.getLoginAccountByPhoneNumberAndPassword - ==>  Preparing: SELECT id, phone_number, name, alias_name, wechat_number, id_card, bank_card FROM t_user WHERE phone_number = ? AND password = ? 
2017-09-15 22:45:49.059 [http-nio-8080-exec-2] DEBUG com.estore.user.mapper.UserMapper.getLoginAccountByPhoneNumberAndPassword - ==> Parameters: 18562737345(String), 123(String)
2017-09-15 22:45:49.060 [http-nio-8080-exec-2] DEBUG com.estore.user.mapper.UserMapper.getLoginAccountByPhoneNumberAndPassword - <==      Total: 1
2017-09-15 22:45:49.095 [http-nio-8080-exec-1] DEBUG com.estore.product.mapper.ProductMapper.selectAllForApp - ==>  Preparing: SELECT A.id, A.code, A.major_category_id, A.minor_category_id, C.name AS major_category_name, D.name AS minor_category_name, A.name, A.description, A.ex_factory_price, A.favorable_price, A.primary_price, A.phone_number, A.wechat_number, A.color, A.category, A.style, A.theme, A.price_range_from, A.price_range_to, A.cricle_ration, A.version, B.new_name, E.name AS video_name FROM t_product A LEFT JOIN t_product_image B ON A.id = B.product_id AND B.display_order = 1 LEFT JOIN t_product_video E ON A.id = E.product_id LEFT JOIN t_major_category C ON A.major_category_id = C.id LEFT JOIN t_minor_category D ON A.minor_category_id = D.id WHERE A.created_time >= (NOW()-INTERVAL'5 day') ORDER BY A.created_time DESC LIMIT ? OFFSET ? 
2017-09-15 22:45:49.096 [http-nio-8080-exec-1] DEBUG com.estore.product.mapper.ProductMapper.selectAllForApp - ==> Parameters: 24(Integer), 0(Integer)
2017-09-15 22:45:49.101 [http-nio-8080-exec-1] DEBUG com.estore.product.mapper.ProductMapper.selectAllForApp - <==      Total: 0
2017-09-15 22:54:34.669 [http-nio-8080-exec-8] DEBUG com.estore.user.mapper.UserMapper.getLoginAccountByPhoneNumberAndPassword - ==>  Preparing: SELECT id, phone_number, name, alias_name, wechat_number, id_card, bank_card FROM t_user WHERE phone_number = ? AND password = ? 
2017-09-15 22:54:34.671 [http-nio-8080-exec-8] DEBUG com.estore.user.mapper.UserMapper.getLoginAccountByPhoneNumberAndPassword - ==> Parameters: 18562737345(String), 123(String)
2017-09-15 22:54:34.672 [http-nio-8080-exec-8] DEBUG com.estore.user.mapper.UserMapper.getLoginAccountByPhoneNumberAndPassword - <==      Total: 1
2017-09-15 22:54:34.793 [http-nio-8080-exec-9] DEBUG com.estore.product.mapper.ProductMapper.selectAllForApp - ==>  Preparing: SELECT A.id, A.code, A.major_category_id, A.minor_category_id, C.name AS major_category_name, D.name AS minor_category_name, A.name, A.description, A.ex_factory_price, A.favorable_price, A.primary_price, A.phone_number, A.wechat_number, A.color, A.category, A.style, A.theme, A.price_range_from, A.price_range_to, A.cricle_ration, A.version, B.new_name, E.name AS video_name FROM t_product A LEFT JOIN t_product_image B ON A.id = B.product_id AND B.display_order = 1 LEFT JOIN t_product_video E ON A.id = E.product_id LEFT JOIN t_major_category C ON A.major_category_id = C.id LEFT JOIN t_minor_category D ON A.minor_category_id = D.id WHERE A.created_time >= (NOW()-INTERVAL'5 day') ORDER BY A.created_time DESC LIMIT ? OFFSET ? 
2017-09-15 22:54:34.795 [http-nio-8080-exec-9] DEBUG com.estore.product.mapper.ProductMapper.selectAllForApp - ==> Parameters: 24(Integer), 0(Integer)
2017-09-15 22:54:34.798 [http-nio-8080-exec-9] DEBUG com.estore.product.mapper.ProductMapper.selectAllForApp - <==      Total: 0
2017-09-15 22:54:38.156 [http-nio-8080-exec-5] DEBUG com.estore.product.mapper.ProductMapper.selectAllForApp - ==>  Preparing: SELECT A.id, A.code, A.major_category_id, A.minor_category_id, C.name AS major_category_name, D.name AS minor_category_name, A.name, A.description, A.ex_factory_price, A.favorable_price, A.primary_price, A.phone_number, A.wechat_number, A.color, A.category, A.style, A.theme, A.price_range_from, A.price_range_to, A.cricle_ration, A.version, B.new_name, E.name AS video_name FROM t_product A LEFT JOIN t_product_image B ON A.id = B.product_id AND B.display_order = 1 LEFT JOIN t_product_video E ON A.id = E.product_id LEFT JOIN t_major_category C ON A.major_category_id = C.id LEFT JOIN t_minor_category D ON A.minor_category_id = D.id WHERE A.created_time >= (NOW()-INTERVAL'5 day') ORDER BY A.ex_factory_price ASC LIMIT ? OFFSET ? 
2017-09-15 22:54:38.157 [http-nio-8080-exec-5] DEBUG com.estore.product.mapper.ProductMapper.selectAllForApp - ==> Parameters: 24(Integer), 0(Integer)
2017-09-15 22:54:38.162 [http-nio-8080-exec-5] DEBUG com.estore.product.mapper.ProductMapper.selectAllForApp - <==      Total: 0
2017-09-15 22:54:39.385 [http-nio-8080-exec-10] DEBUG com.estore.product.mapper.ProductMapper.selectAllForApp - ==>  Preparing: SELECT A.id, A.code, A.major_category_id, A.minor_category_id, C.name AS major_category_name, D.name AS minor_category_name, A.name, A.description, A.ex_factory_price, A.favorable_price, A.primary_price, A.phone_number, A.wechat_number, A.color, A.category, A.style, A.theme, A.price_range_from, A.price_range_to, A.cricle_ration, A.version, B.new_name, E.name AS video_name FROM t_product A LEFT JOIN t_product_image B ON A.id = B.product_id AND B.display_order = 1 LEFT JOIN t_product_video E ON A.id = E.product_id LEFT JOIN t_major_category C ON A.major_category_id = C.id LEFT JOIN t_minor_category D ON A.minor_category_id = D.id WHERE A.major_category_id = ? ORDER BY A.ex_factory_price ASC LIMIT ? OFFSET ? 
2017-09-15 22:54:39.390 [http-nio-8080-exec-10] DEBUG com.estore.product.mapper.ProductMapper.selectAllForApp - ==> Parameters: 2(Integer), 24(Integer), 0(Integer)
2017-09-15 22:54:39.398 [http-nio-8080-exec-10] DEBUG com.estore.product.mapper.ProductMapper.selectAllForApp - <==      Total: 1
2017-09-15 22:54:39.400 [http-nio-8080-exec-10] DEBUG com.estore.product.mapper.ProductImageMapper.selectImageNamesByProductId - ==>  Preparing: SELECT new_name FROM t_product_image WHERE product_id = ? 
2017-09-15 22:54:39.400 [http-nio-8080-exec-10] DEBUG com.estore.product.mapper.ProductImageMapper.selectImageNamesByProductId - ==> Parameters: 28(Integer)
2017-09-15 22:54:39.407 [http-nio-8080-exec-10] DEBUG com.estore.product.mapper.ProductImageMapper.selectImageNamesByProductId - <==      Total: 3
2017-09-15 22:54:40.874 [http-nio-8080-exec-4] DEBUG com.estore.product.mapper.ProductMapper.selectAllForApp - ==>  Preparing: SELECT A.id, A.code, A.major_category_id, A.minor_category_id, C.name AS major_category_name, D.name AS minor_category_name, A.name, A.description, A.ex_factory_price, A.favorable_price, A.primary_price, A.phone_number, A.wechat_number, A.color, A.category, A.style, A.theme, A.price_range_from, A.price_range_to, A.cricle_ration, A.version, B.new_name, E.name AS video_name FROM t_product A LEFT JOIN t_product_image B ON A.id = B.product_id AND B.display_order = 1 LEFT JOIN t_product_video E ON A.id = E.product_id LEFT JOIN t_major_category C ON A.major_category_id = C.id LEFT JOIN t_minor_category D ON A.minor_category_id = D.id WHERE A.major_category_id = ? ORDER BY A.created_time DESC LIMIT ? OFFSET ? 
2017-09-15 22:54:40.884 [http-nio-8080-exec-4] DEBUG com.estore.product.mapper.ProductMapper.selectAllForApp - ==> Parameters: 2(Integer), 24(Integer), 0(Integer)
2017-09-15 22:54:40.894 [http-nio-8080-exec-4] DEBUG com.estore.product.mapper.ProductMapper.selectAllForApp - <==      Total: 1
2017-09-15 22:54:40.895 [http-nio-8080-exec-4] DEBUG com.estore.product.mapper.ProductImageMapper.selectImageNamesByProductId - ==>  Preparing: SELECT new_name FROM t_product_image WHERE product_id = ? 
2017-09-15 22:54:40.895 [http-nio-8080-exec-4] DEBUG com.estore.product.mapper.ProductImageMapper.selectImageNamesByProductId - ==> Parameters: 28(Integer)
2017-09-15 22:54:40.896 [http-nio-8080-exec-4] DEBUG com.estore.product.mapper.ProductImageMapper.selectImageNamesByProductId - <==      Total: 3
2017-09-15 22:54:42.256 [http-nio-8080-exec-2] DEBUG com.estore.product.mapper.ProductMapper.selectAllForApp - ==>  Preparing: SELECT A.id, A.code, A.major_category_id, A.minor_category_id, C.name AS major_category_name, D.name AS minor_category_name, A.name, A.description, A.ex_factory_price, A.favorable_price, A.primary_price, A.phone_number, A.wechat_number, A.color, A.category, A.style, A.theme, A.price_range_from, A.price_range_to, A.cricle_ration, A.version, B.new_name, E.name AS video_name FROM t_product A LEFT JOIN t_product_image B ON A.id = B.product_id AND B.display_order = 1 LEFT JOIN t_product_video E ON A.id = E.product_id LEFT JOIN t_major_category C ON A.major_category_id = C.id LEFT JOIN t_minor_category D ON A.minor_category_id = D.id WHERE A.created_time >= (NOW()-INTERVAL'5 day') ORDER BY A.created_time DESC LIMIT ? OFFSET ? 
2017-09-15 22:54:42.258 [http-nio-8080-exec-2] DEBUG com.estore.product.mapper.ProductMapper.selectAllForApp - ==> Parameters: 24(Integer), 0(Integer)
2017-09-15 22:54:42.263 [http-nio-8080-exec-2] DEBUG com.estore.product.mapper.ProductMapper.selectAllForApp - <==      Total: 0
2017-09-15 22:54:43.684 [http-nio-8080-exec-1] DEBUG com.estore.product.mapper.ProductMapper.selectAllForApp - ==>  Preparing: SELECT A.id, A.code, A.major_category_id, A.minor_category_id, C.name AS major_category_name, D.name AS minor_category_name, A.name, A.description, A.ex_factory_price, A.favorable_price, A.primary_price, A.phone_number, A.wechat_number, A.color, A.category, A.style, A.theme, A.price_range_from, A.price_range_to, A.cricle_ration, A.version, B.new_name, E.name AS video_name FROM t_product A LEFT JOIN t_product_image B ON A.id = B.product_id AND B.display_order = 1 LEFT JOIN t_product_video E ON A.id = E.product_id LEFT JOIN t_major_category C ON A.major_category_id = C.id LEFT JOIN t_minor_category D ON A.minor_category_id = D.id WHERE A.created_time >= (NOW()-INTERVAL'5 day') ORDER BY A.ex_factory_price ASC LIMIT ? OFFSET ? 
2017-09-15 22:54:43.685 [http-nio-8080-exec-1] DEBUG com.estore.product.mapper.ProductMapper.selectAllForApp - ==> Parameters: 24(Integer), 0(Integer)
2017-09-15 22:54:43.687 [http-nio-8080-exec-1] DEBUG com.estore.product.mapper.ProductMapper.selectAllForApp - <==      Total: 0
2017-09-15 22:54:45.051 [http-nio-8080-exec-3] DEBUG com.estore.product.mapper.ProductMapper.selectAllForApp - ==>  Preparing: SELECT A.id, A.code, A.major_category_id, A.minor_category_id, C.name AS major_category_name, D.name AS minor_category_name, A.name, A.description, A.ex_factory_price, A.favorable_price, A.primary_price, A.phone_number, A.wechat_number, A.color, A.category, A.style, A.theme, A.price_range_from, A.price_range_to, A.cricle_ration, A.version, B.new_name, E.name AS video_name FROM t_product A LEFT JOIN t_product_image B ON A.id = B.product_id AND B.display_order = 1 LEFT JOIN t_product_video E ON A.id = E.product_id LEFT JOIN t_major_category C ON A.major_category_id = C.id LEFT JOIN t_minor_category D ON A.minor_category_id = D.id WHERE A.major_category_id = ? ORDER BY A.ex_factory_price ASC LIMIT ? OFFSET ? 
2017-09-15 22:54:45.052 [http-nio-8080-exec-3] DEBUG com.estore.product.mapper.ProductMapper.selectAllForApp - ==> Parameters: 2(Integer), 24(Integer), 0(Integer)
2017-09-15 22:54:45.058 [http-nio-8080-exec-3] DEBUG com.estore.product.mapper.ProductMapper.selectAllForApp - <==      Total: 1
2017-09-15 22:54:45.058 [http-nio-8080-exec-3] DEBUG com.estore.product.mapper.ProductImageMapper.selectImageNamesByProductId - ==>  Preparing: SELECT new_name FROM t_product_image WHERE product_id = ? 
2017-09-15 22:54:45.059 [http-nio-8080-exec-3] DEBUG com.estore.product.mapper.ProductImageMapper.selectImageNamesByProductId - ==> Parameters: 28(Integer)
2017-09-15 22:54:45.060 [http-nio-8080-exec-3] DEBUG com.estore.product.mapper.ProductImageMapper.selectImageNamesByProductId - <==      Total: 3
